Processing file './/./0410184_169.tfc'

    The search algorithm is 'recent'
    The bounds are [0, None]
    The layer size is [0]
    The SAT solver is 'MiniSatJNI'
    RAM allocation is set to 7GB
    
	Ignored single-qubit gates reduced the layer count by 8 (21.05%)
	Layer merging reduced the layer count by 21 (55.26%)
	There was a total layer reduction of 29 (76.32%)
	The layer total is 17
	The number of qubits is 14
	The number of machines is 5
	The largest gate has arity 3
	The machine capacity is 3
	The qubit allocation policy is 'QubitAlloc.IN_ORDER'
	Splitting into 1 subproblems

	Instance 0
		Running Alloy
		Iteration 0 with search 49 in range [0, 98] and 8 Int
			Satisfiable
		Iteration 1 with search 24 in range [0, 48] and 8 Int
			Unsatisfiable
		Iteration 2 with search 37 in range [25, 48] and 8 Int
			Unsatisfiable
		Iteration 3 with search 43 in range [38, 48] and 8 Int
			Satisfiable
		Iteration 4 with search 40 in range [38, 42] and 8 Int
			Satisfiable
		Iteration 5 with search 39 in range [38, 39] and 8 Int
			Unsatisfiable
		Solution found is 40

		Time elapsed: 00:10:59.07

	Cumulative solution is 40

	Time elapsed: 00:10:59.09
