Processing file './/clip_206.tfc'

    The search algorithm is 'recent'
    The bounds are [0, None]
    The layer size is [10]
    The SAT solver is 'MiniSatJNI'
    RAM allocation is set to 15GB
    
	Ignored single-qubit gates reduced the layer count by 65 (59.63%)
	Layer merging reduced the layer count by 0 (0.00%)
	There was a total layer reduction of 65 (59.63%)
	The layer total is 109
	The number of qubits is 14
	The number of machines is 2
	The largest gate has arity 10
	The machine capacity is 10
	The qubit allocation policy is 'QubitAlloc.IN_ORDER'
	Splitting into 11 subproblems

	Instance 0
		Running Alloy
		Iteration 0 with search 60 in range [0, 120] and 8 Int
			Satisfiable
		Iteration 1 with search 30 in range [0, 59] and 8 Int
			Satisfiable
		Iteration 2 with search 15 in range [0, 29] and 8 Int
			Satisfiable
		Iteration 3 with search 7 in range [0, 14] and 8 Int
			Unsatisfiable
		Iteration 4 with search 11 in range [8, 14] and 8 Int
			Unsatisfiable
		Iteration 5 with search 13 in range [12, 14] and 8 Int
			Unsatisfiable
		Iteration 6 with search 14 in range [14, 14] and 8 Int
			Satisfiable
		Solution found is 14

		Time elapsed: 00:00:04.90

	Instance 1
		Running Alloy
		Iteration 0 with search 14 in range [13, 15] and 8 Int
			Satisfiable
		Iteration 1 with search 13 in range [13, 13] and 8 Int
			Satisfiable
		Iteration 2 with search 6 in range [0, 12] and 8 Int
			Unsatisfiable
		Iteration 3 with search 10 in range [7, 12] and 8 Int
			Satisfiable
		Iteration 4 with search 8 in range [7, 9] and 8 Int
			Satisfiable
		Iteration 5 with search 7 in range [7, 7] and 8 Int
			Unsatisfiable
		Solution found is 8

		Time elapsed: 00:00:03.26

	Instance 2
		Running Alloy
		Iteration 0 with search 11 in range [7, 15] and 8 Int
			Unsatisfiable
		Iteration 1 with search 14 in range [12, 15] and 8 Int
			Satisfiable
		Iteration 2 with search 13 in range [12, 13] and 8 Int
			Satisfiable
		Iteration 3 with search 12 in range [12, 12] and 8 Int
			Satisfiable
		Solution found is 12

		Time elapsed: 00:00:01.96

	Instance 3
		Running Alloy
		Iteration 0 with search 11 in range [7, 15] and 8 Int
			Satisfiable
		Iteration 1 with search 9 in range [7, 10] and 8 Int
			Satisfiable
		Iteration 2 with search 8 in range [7, 8] and 8 Int
			Satisfiable
		Iteration 3 with search 7 in range [7, 7] and 8 Int
			Unsatisfiable
		Solution found is 8

		Time elapsed: 00:00:02.35

	Instance 4
		Running Alloy
		Iteration 0 with search 11 in range [7, 15] and 8 Int
			Unsatisfiable
		Iteration 1 with search 14 in range [12, 15] and 8 Int
			Satisfiable
		Iteration 2 with search 13 in range [12, 13] and 8 Int
			Unsatisfiable
		Solution found is 14

		Time elapsed: 00:00:02.51

	Instance 5
		Running Alloy
		Iteration 0 with search 11 in range [7, 15] and 8 Int
			Unsatisfiable
		Iteration 1 with search 14 in range [12, 15] and 8 Int
			Satisfiable
		Iteration 2 with search 13 in range [12, 13] and 8 Int
			Satisfiable
		Iteration 3 with search 12 in range [12, 12] and 8 Int
			Satisfiable
		Solution found is 12

		Time elapsed: 00:00:02.33

	Instance 6
		Running Alloy
		Iteration 0 with search 11 in range [7, 15] and 8 Int
			Unsatisfiable
		Iteration 1 with search 14 in range [12, 15] and 8 Int
			Satisfiable
		Iteration 2 with search 13 in range [12, 13] and 8 Int
			Unsatisfiable
		Solution found is 14

		Time elapsed: 00:00:01.64

	Instance 7
		Running Alloy
		Iteration 0 with search 11 in range [7, 15] and 8 Int
			Satisfiable
		Iteration 1 with search 9 in range [7, 10] and 8 Int
			Unsatisfiable
		Iteration 2 with search 10 in range [10, 10] and 8 Int
			Satisfiable
		Solution found is 10

		Time elapsed: 00:00:01.52

	Instance 8
		Running Alloy
		Iteration 0 with search 11 in range [7, 15] and 8 Int
			Unsatisfiable
		Iteration 1 with search 14 in range [12, 15] and 8 Int
			Unsatisfiable
		Iteration 2 with search 15 in range [15, 15] and 8 Int
			Unsatisfiable
		Iteration 3 with search 75 in range [16, 134] and 9 Int
			Satisfiable
		Iteration 4 with search 45 in range [16, 74] and 8 Int
			Satisfiable
		Iteration 5 with search 30 in range [16, 44] and 8 Int
			Satisfiable
		Iteration 6 with search 23 in range [16, 29] and 8 Int
			Satisfiable
		Iteration 7 with search 19 in range [16, 22] and 8 Int
			Satisfiable
		Iteration 8 with search 17 in range [16, 18] and 8 Int
			Unsatisfiable
		Iteration 9 with search 18 in range [18, 18] and 8 Int
			Satisfiable
		Solution found is 18

		Time elapsed: 00:00:05.90

	Instance 9
		Running Alloy
		Iteration 0 with search 13 in range [7, 19] and 8 Int
			Unsatisfiable
		Iteration 1 with search 17 in range [14, 19] and 8 Int
			Satisfiable
		Iteration 2 with search 15 in range [14, 16] and 8 Int
			Satisfiable
		Iteration 3 with search 14 in range [14, 14] and 8 Int
			Satisfiable
		Solution found is 14

		Time elapsed: 00:00:01.95

	Instance 10
		Running Alloy
		Iteration 0 with search 13 in range [7, 19] and 8 Int
			Satisfiable
		Iteration 1 with search 10 in range [7, 12] and 8 Int
			Satisfiable
		Iteration 2 with search 8 in range [7, 9] and 8 Int
			Satisfiable
		Iteration 3 with search 7 in range [7, 7] and 8 Int
			Satisfiable
		Iteration 4 with search 3 in range [0, 6] and 8 Int
			Unsatisfiable
		Iteration 5 with search 5 in range [4, 6] and 8 Int
			Unsatisfiable
		Iteration 6 with search 6 in range [6, 6] and 8 Int
			Satisfiable
		Solution found is 6

		Time elapsed: 00:00:02.40

	Cumulative solution is 130

	Time elapsed: 00:00:30.91
