Processing file './/./dc2_222.tfc'

    The search algorithm is 'recent'
    The bounds are [0, None]
    The layer size is [0]
    The SAT solver is 'MiniSatJNI'
    RAM allocation is set to 7GB
    
	Ignored single-qubit gates reduced the layer count by 21 (38.89%)
	Layer merging reduced the layer count by 1 (1.85%)
	There was a total layer reduction of 22 (40.74%)
	The layer total is 53
	The number of qubits is 15
	The number of machines is 2
	The largest gate has arity 8
	The machine capacity is 8
	The qubit allocation policy is 'QubitAlloc.IN_ORDER'
	Splitting into 1 subproblems

	Instance 0
		Running Alloy
		Iteration 0 with search 254 in range [0, 508] and 10 Int
			Satisfiable
		Iteration 1 with search 127 in range [0, 253] and 9 Int
			Satisfiable
		Iteration 2 with search 63 in range [0, 126] and 8 Int
			Unsatisfiable
		Iteration 3 with search 95 in range [64, 126] and 9 Int
			Satisfiable
		Iteration 4 with search 79 in range [64, 94] and 9 Int
			Satisfiable
		Iteration 5 with search 71 in range [64, 78] and 9 Int
			Unsatisfiable
		Iteration 6 with search 75 in range [72, 78] and 9 Int
			Unsatisfiable
		Iteration 7 with search 77 in range [76, 78] and 9 Int
			Satisfiable
		Iteration 8 with search 76 in range [76, 76] and 9 Int
			Unsatisfiable
		Solution found is 77

		Time elapsed: 00:06:28.38

	Cumulative solution is 77

	Time elapsed: 00:06:28.56
