Processing file './/ham15_107.tfc'

    The search algorithm is 'recent'
    The bounds are [0, None]
    The layer size is [10]
    The SAT solver is 'MiniSatJNI'
    RAM allocation is set to 15GB
    
	Ignored single-qubit gates reduced the layer count by 0 (0.00%)
	Layer merging reduced the layer count by 1 (0.76%)
	There was a total layer reduction of 1 (0.76%)
	The layer total is 131
	The number of qubits is 15
	The number of machines is 2
	The largest gate has arity 8
	The machine capacity is 8
	The qubit allocation policy is 'QubitAlloc.IN_ORDER'
	Splitting into 13 subproblems

	Instance 0
		Running Alloy
		Iteration 0 with search 50 in range [0, 100] and 8 Int
			Satisfiable
		Iteration 1 with search 25 in range [0, 49] and 8 Int
			Satisfiable
		Iteration 2 with search 12 in range [0, 24] and 8 Int
			Satisfiable
		Iteration 3 with search 6 in range [0, 11] and 8 Int
			Unsatisfiable
		Iteration 4 with search 9 in range [7, 11] and 8 Int
			Satisfiable
		Iteration 5 with search 8 in range [7, 8] and 8 Int
			Unsatisfiable
		Solution found is 9

		Time elapsed: 00:00:03.99

	Instance 1
		Running Alloy
		Iteration 0 with search 9 in range [8, 10] and 8 Int
			Satisfiable
		Iteration 1 with search 8 in range [8, 8] and 8 Int
			Satisfiable
		Iteration 2 with search 4 in range [0, 7] and 8 Int
			Satisfiable
		Iteration 3 with search 2 in range [0, 3] and 8 Int
			Unsatisfiable
		Iteration 4 with search 3 in range [3, 3] and 8 Int
			Unsatisfiable
		Solution found is 4

		Time elapsed: 00:00:02.84

	Instance 2
		Running Alloy
		Iteration 0 with search 7 in range [3, 10] and 8 Int
			Satisfiable
		Iteration 1 with search 5 in range [3, 6] and 8 Int
			Unsatisfiable
		Iteration 2 with search 6 in range [6, 6] and 8 Int
			Satisfiable
		Solution found is 6

		Time elapsed: 00:00:01.48

	Instance 3
		Running Alloy
		Iteration 0 with search 7 in range [3, 10] and 8 Int
			Satisfiable
		Iteration 1 with search 5 in range [3, 6] and 8 Int
			Unsatisfiable
		Iteration 2 with search 6 in range [6, 6] and 8 Int
			Satisfiable
		Solution found is 6

		Time elapsed: 00:00:01.65

	Instance 4
		Running Alloy
		Iteration 0 with search 7 in range [3, 10] and 8 Int
			Satisfiable
		Iteration 1 with search 5 in range [3, 6] and 8 Int
			Unsatisfiable
		Iteration 2 with search 6 in range [6, 6] and 8 Int
			Satisfiable
		Solution found is 6

		Time elapsed: 00:00:01.71

	Instance 5
		Running Alloy
		Iteration 0 with search 7 in range [3, 10] and 8 Int
			Satisfiable
		Iteration 1 with search 5 in range [3, 6] and 8 Int
			Satisfiable
		Iteration 2 with search 4 in range [3, 4] and 8 Int
			Satisfiable
		Iteration 3 with search 3 in range [3, 3] and 8 Int
			Satisfiable
		Iteration 4 with search 1 in range [0, 2] and 8 Int
			Unsatisfiable
		Iteration 5 with search 2 in range [2, 2] and 8 Int
			Satisfiable
		Solution found is 2

		Time elapsed: 00:00:02.83

	Instance 6
		Running Alloy
		Iteration 0 with search 6 in range [1, 10] and 8 Int
			Satisfiable
		Iteration 1 with search 3 in range [1, 5] and 8 Int
			Unsatisfiable
		Iteration 2 with search 5 in range [4, 5] and 8 Int
			Satisfiable
		Iteration 3 with search 4 in range [4, 4] and 8 Int
			Satisfiable
		Solution found is 4

		Time elapsed: 00:00:02.14

	Instance 7
		Running Alloy
		Iteration 0 with search 6 in range [1, 10] and 8 Int
			Satisfiable
		Iteration 1 with search 3 in range [1, 5] and 8 Int
			Unsatisfiable
		Iteration 2 with search 5 in range [4, 5] and 8 Int
			Satisfiable
		Iteration 3 with search 4 in range [4, 4] and 8 Int
			Satisfiable
		Solution found is 4

		Time elapsed: 00:00:02.12

	Instance 8
		Running Alloy
		Iteration 0 with search 6 in range [1, 10] and 8 Int
			Satisfiable
		Iteration 1 with search 3 in range [1, 5] and 8 Int
			Unsatisfiable
		Iteration 2 with search 5 in range [4, 5] and 8 Int
			Satisfiable
		Iteration 3 with search 4 in range [4, 4] and 8 Int
			Satisfiable
		Solution found is 4

		Time elapsed: 00:00:02.20

	Instance 9
		Running Alloy
		Iteration 0 with search 6 in range [1, 10] and 8 Int
			Satisfiable
		Iteration 1 with search 3 in range [1, 5] and 8 Int
			Unsatisfiable
		Iteration 2 with search 5 in range [4, 5] and 8 Int
			Unsatisfiable
		Solution found is 6

		Time elapsed: 00:00:01.62

	Instance 10
		Running Alloy
		Iteration 0 with search 6 in range [1, 10] and 8 Int
			Satisfiable
		Iteration 1 with search 3 in range [1, 5] and 8 Int
			Satisfiable
		Iteration 2 with search 2 in range [1, 2] and 8 Int
			Satisfiable
		Iteration 3 with search 1 in range [1, 1] and 8 Int
			Unsatisfiable
		Solution found is 2

		Time elapsed: 00:00:02.32

	Instance 11
		Running Alloy
		Iteration 0 with search 4 in range [1, 7] and 8 Int
			Satisfiable
		Iteration 1 with search 2 in range [1, 3] and 8 Int
			Unsatisfiable
		Iteration 2 with search 3 in range [3, 3] and 8 Int
			Satisfiable
		Solution found is 3

		Time elapsed: 00:00:01.81

	Instance 12
		Running Alloy
		Iteration 0 with search 4 in range [1, 7] and 8 Int
			Satisfiable
		Iteration 1 with search 2 in range [1, 3] and 8 Int
			Unsatisfiable
		Iteration 2 with search 3 in range [3, 3] and 8 Int
			Unsatisfiable
		Solution found is 4

		Time elapsed: 00:00:01.37

	Cumulative solution is 60

	Time elapsed: 00:00:28.12
