Processing file './/sao2_257.tfc'

    The search algorithm is 'recent'
    The bounds are [0, None]
    The layer size is [10]
    The SAT solver is 'MiniSatJNI'
    RAM allocation is set to 15GB
    
	Ignored single-qubit gates reduced the layer count by 32 (57.14%)
	Layer merging reduced the layer count by 0 (0.00%)
	There was a total layer reduction of 32 (57.14%)
	The layer total is 57
	The number of qubits is 14
	The number of machines is 2
	The largest gate has arity 11
	The machine capacity is 11
	The qubit allocation policy is 'QubitAlloc.IN_ORDER'
	Splitting into 6 subproblems

	Instance 0
		Running Alloy
		Iteration 0 with search 66 in range [0, 132] and 9 Int
			Satisfiable
		Iteration 1 with search 33 in range [0, 65] and 8 Int
			Satisfiable
		Iteration 2 with search 16 in range [0, 32] and 8 Int
			Satisfiable
		Iteration 3 with search 8 in range [0, 15] and 8 Int
			Unsatisfiable
		Iteration 4 with search 12 in range [9, 15] and 8 Int
			Satisfiable
		Iteration 5 with search 10 in range [9, 11] and 8 Int
			Unsatisfiable
		Iteration 6 with search 11 in range [11, 11] and 8 Int
			Unsatisfiable
		Solution found is 12

		Time elapsed: 00:00:04.54

	Instance 1
		Running Alloy
		Iteration 0 with search 12 in range [11, 13] and 8 Int
			Unsatisfiable
		Iteration 1 with search 13 in range [13, 13] and 8 Int
			Unsatisfiable
		Iteration 2 with search 96 in range [14, 178] and 9 Int
			Satisfiable
		Iteration 3 with search 55 in range [14, 95] and 8 Int
			Satisfiable
		Iteration 4 with search 34 in range [14, 54] and 8 Int
			Satisfiable
		Iteration 5 with search 24 in range [14, 33] and 8 Int
			Satisfiable
		Iteration 6 with search 19 in range [14, 23] and 8 Int
			Unsatisfiable
		Iteration 7 with search 22 in range [20, 23] and 8 Int
			Satisfiable
		Iteration 8 with search 21 in range [20, 21] and 8 Int
			Unsatisfiable
		Solution found is 22

		Time elapsed: 00:00:04.33

	Instance 2
		Running Alloy
		Iteration 0 with search 17 in range [11, 23] and 8 Int
			Satisfiable
		Iteration 1 with search 14 in range [11, 16] and 8 Int
			Satisfiable
		Iteration 2 with search 12 in range [11, 13] and 8 Int
			Unsatisfiable
		Iteration 3 with search 13 in range [13, 13] and 8 Int
			Unsatisfiable
		Solution found is 14

		Time elapsed: 00:00:01.83

	Instance 3
		Running Alloy
		Iteration 0 with search 17 in range [11, 23] and 8 Int
			Unsatisfiable
		Iteration 1 with search 21 in range [18, 23] and 8 Int
			Satisfiable
		Iteration 2 with search 19 in range [18, 20] and 8 Int
			Satisfiable
		Iteration 3 with search 18 in range [18, 18] and 8 Int
			Satisfiable
		Solution found is 18

		Time elapsed: 00:00:01.86

	Instance 4
		Running Alloy
		Iteration 0 with search 17 in range [11, 23] and 8 Int
			Satisfiable
		Iteration 1 with search 14 in range [11, 16] and 8 Int
			Unsatisfiable
		Iteration 2 with search 16 in range [15, 16] and 8 Int
			Satisfiable
		Iteration 3 with search 15 in range [15, 15] and 8 Int
			Unsatisfiable
		Solution found is 16

		Time elapsed: 00:00:01.77

	Instance 5
		Running Alloy
		Iteration 0 with search 17 in range [11, 23] and 8 Int
			Satisfiable
		Iteration 1 with search 14 in range [11, 16] and 8 Int
			Unsatisfiable
		Iteration 2 with search 16 in range [15, 16] and 8 Int
			Satisfiable
		Iteration 3 with search 15 in range [15, 15] and 8 Int
			Unsatisfiable
		Solution found is 16

		Time elapsed: 00:00:01.66

	Cumulative solution is 98

	Time elapsed: 00:00:16.18
