Processing file './RLSB/2of5d1.tfc'

    The search algorithm is 'recent'
    The bounds are [0, None]
    The layer size is None
    The SAT solver is 'MiniSatJNI'
    RAM allocation is set to 13GB
    
	Ignored single-qubit gates reduced the layer count by 11 (157.14%)
	Layer merging reduced the layer count by 0 (0.00%)
	There was a total layer reduction of 11 (157.14%)
	The layer total is 8
	The number of qubits is 6
	The number of machines is 2
	The largest gate has arity 5
	The machine capacity is 5
	The qubit allocation policy is 'QubitAlloc.RANDOM'
	Splitting into 1 subproblems

	Instance 0
		Writing instance './RLSB/2of5d1.sub.0.als'
		Running Alloy
		Iteration 0 with search 24 in range [0, 48] and 8 Int
			Satisfiable
		Iteration 1 with search 12 in range [0, 23] and 8 Int
			Satisfiable
		Iteration 2 with search 6 in range [0, 11] and 8 Int
			Unsatisfiable
		Iteration 3 with search 9 in range [7, 11] and 8 Int
			Unsatisfiable
		Iteration 4 with search 11 in range [10, 11] and 8 Int
			Satisfiable
		Iteration 5 with search 10 in range [10, 10] and 8 Int
			Satisfiable
		Solution found is 10

		Time elapsed: 00:00:01.50

	Cumulative solution is 10

	Time elapsed: 00:00:01.52
