Processing file './RLSB/6symd2.tfc'

    The search algorithm is 'recent'
    The bounds are [0, None]
    The layer size is None
    The SAT solver is 'MiniSatJNI'
    RAM allocation is set to 13GB
    
	Ignored single-qubit gates reduced the layer count by 0 (0.00%)
	Layer merging reduced the layer count by 4 (20.00%)
	There was a total layer reduction of 4 (20.00%)
	The layer total is 16
	The number of qubits is 10
	The number of machines is 2
	The largest gate has arity 3
	The machine capacity is 5
	The qubit allocation policy is 'QubitAlloc.RANDOM'
	Splitting into 1 subproblems

	Instance 0
		Writing instance './RLSB/6symd2.sub.0.als'
		Running Alloy
		Iteration 0 with search 33 in range [0, 66] and 8 Int
			Satisfiable
		Iteration 1 with search 16 in range [0, 32] and 8 Int
			Unsatisfiable
		Iteration 2 with search 25 in range [17, 32] and 8 Int
			Satisfiable
		Iteration 3 with search 21 in range [17, 24] and 8 Int
			Satisfiable
		Iteration 4 with search 19 in range [17, 20] and 8 Int
			Unsatisfiable
		Iteration 5 with search 20 in range [20, 20] and 8 Int
			Satisfiable
		Solution found is 20

		Time elapsed: 00:00:08.30

	Cumulative solution is 20

	Time elapsed: 00:00:08.33
