Processing file './RLSB/9symd2.tfc'

    The search algorithm is 'recent'
    The bounds are [0, None]
    The layer size is None
    The SAT solver is 'MiniSatJNI'
    RAM allocation is set to 13GB
    
	Ignored single-qubit gates reduced the layer count by 0 (0.00%)
	Layer merging reduced the layer count by 6 (21.43%)
	There was a total layer reduction of 6 (21.43%)
	The layer total is 22
	The number of qubits is 12
	The number of machines is 3
	The largest gate has arity 3
	The machine capacity is 4
	The qubit allocation policy is 'QubitAlloc.RANDOM'
	Splitting into 1 subproblems

	Instance 0
		Writing instance './RLSB/9symd2.sub.0.als'
		Running Alloy
		Iteration 0 with search 48 in range [0, 96] and 8 Int
			Satisfiable
		Iteration 1 with search 24 in range [0, 47] and 8 Int
			Unsatisfiable
		Iteration 2 with search 36 in range [25, 47] and 8 Int
			Satisfiable
		Iteration 3 with search 30 in range [25, 35] and 8 Int
			Unsatisfiable
		Iteration 4 with search 33 in range [31, 35] and 8 Int
			Unsatisfiable
		Iteration 5 with search 35 in range [34, 35] and 8 Int
			Satisfiable
		Iteration 6 with search 34 in range [34, 34] and 8 Int
			Satisfiable
		Solution found is 34

		Time elapsed: 00:01:16.38

	Cumulative solution is 34

	Time elapsed: 00:01:16.40
