Processing file './RLSB/cycle17_3.tfc'

    The search algorithm is 'recent'
    The bounds are [0, 50]
    The layer size is None
    The SAT solver is 'MiniSatJNI'
    RAM allocation is set to 13GB
    
	Ignored single-qubit gates reduced the layer count by 0 (0.00%)
	Layer merging reduced the layer count by 0 (0.00%)
	There was a total layer reduction of 0 (0.00%)
	The layer total is 49
	The number of qubits is 20
	The number of machines is 2
	The largest gate has arity 18
	The machine capacity is 18
	The qubit allocation policy is 'QubitAlloc.RANDOM'
	Splitting into 1 subproblems

	Instance 0
		Writing instance './RLSB/cycle17_3.sub.0.als'
		Running Alloy
		Iteration 0 with search 25 in range [0, 50] and 8 Int
			Satisfiable
		Iteration 1 with search 12 in range [0, 24] and 8 Int
			Satisfiable
		Iteration 2 with search 6 in range [0, 11] and 8 Int
			Unsatisfiable
		Iteration 3 with search 9 in range [7, 11] and 8 Int
			Unsatisfiable
		Iteration 4 with search 11 in range [10, 11] and 8 Int
			Unsatisfiable
		Solution found is 12

		Time elapsed: 00:00:25.44

	Cumulative solution is 12

	Time elapsed: 00:00:25.48
