Processing file './RLSB/hwb50ps.tfc'

    The search algorithm is 'recent'
    The bounds are [0, None]
    The layer size is 7
    The SAT solver is 'MiniSatJNI'
    RAM allocation is set to 13GB
    
	Ignored single-qubit gates reduced the layer count by 0 (0.00%)
	Layer merging reduced the layer count by 4 (0.75%)
	There was a total layer reduction of 4 (0.75%)
	The layer total is 528
	The number of qubits is 56
	The number of machines is 5
	The largest gate has arity 7
	The machine capacity is 12
	The qubit allocation policy is 'QubitAlloc.RANDOM'
	Splitting into 76 subproblems

	Instance 0
		Writing instance './RLSB/hwb50ps.sub.0.als'
		Running Alloy
		Iteration 0 with search 12 in range [0, 24] and 8 Int
			Satisfiable
		Iteration 1 with search 6 in range [0, 11] and 8 Int
			Unsatisfiable
		Iteration 2 with search 9 in range [7, 11] and 8 Int
			Satisfiable
		Iteration 3 with search 8 in range [7, 8] and 8 Int
			Satisfiable
		Iteration 4 with search 7 in range [7, 7] and 8 Int
			Satisfiable
		Solution found is 7

		Time elapsed: 00:01:31.36

	Instance 1
		Writing instance './RLSB/hwb50ps.sub.1.als'
		Running Alloy
		Iteration 0 with search 7 in range [6, 8] and 8 Int
			Satisfiable
		Iteration 1 with search 6 in range [6, 6] and 8 Int
			Satisfiable
		Iteration 2 with search 3 in range [0, 5] and 8 Int
			Unsatisfiable
		Iteration 3 with search 5 in range [4, 5] and 8 Int
			Satisfiable
		Iteration 4 with search 4 in range [4, 4] and 8 Int
			Satisfiable
		Solution found is 4

		Time elapsed: 00:01:05.30

	Instance 2
		Writing instance './RLSB/hwb50ps.sub.2.als'
		Running Alloy
		Iteration 0 with search 6 in range [3, 8] and 8 Int
			Satisfiable
		Iteration 1 with search 4 in range [3, 5] and 8 Int
			Unsatisfiable
		Iteration 2 with search 5 in range [5, 5] and 8 Int
			Unsatisfiable
		Solution found is 6

		Time elapsed: 00:00:41.76

	Instance 3
		Writing instance './RLSB/hwb50ps.sub.3.als'
		Running Alloy
		Iteration 0 with search 6 in range [3, 8] and 8 Int
			Satisfiable
		Iteration 1 with search 4 in range [3, 5] and 8 Int
			Satisfiable
		Iteration 2 with search 3 in range [3, 3] and 8 Int
			Satisfiable
		Iteration 3 with search 1 in range [0, 2] and 8 Int
			Unsatisfiable
		Iteration 4 with search 2 in range [2, 2] and 8 Int
			Satisfiable
		Solution found is 2

		Time elapsed: 00:00:57.94

	Instance 4
		Writing instance './RLSB/hwb50ps.sub.4.als'
		Running Alloy
		Iteration 0 with search 5 in range [1, 8] and 8 Int
			Satisfiable
		Iteration 1 with search 3 in range [1, 4] and 8 Int
			Unsatisfiable
		Iteration 2 with search 4 in range [4, 4] and 8 Int
			Satisfiable
		Solution found is 4

		Time elapsed: 00:00:39.26

	Instance 5
		Writing instance './RLSB/hwb50ps.sub.5.als'
		Running Alloy
		Iteration 0 with search 5 in range [1, 8] and 8 Int
			Satisfiable
		Iteration 1 with search 3 in range [1, 4] and 8 Int
			Unsatisfiable
		Iteration 2 with search 4 in range [4, 4] and 8 Int
			Satisfiable
		Solution found is 4

		Time elapsed: 00:00:37.96

	Instance 6
		Writing instance './RLSB/hwb50ps.sub.6.als'
		Running Alloy
		Iteration 0 with search 5 in range [1, 8] and 8 Int
			Satisfiable
		Iteration 1 with search 3 in range [1, 4] and 8 Int
			Satisfiable
		Iteration 2 with search 2 in range [1, 2] and 8 Int
			Satisfiable
		Iteration 3 with search 1 in range [1, 1] and 8 Int
			Unsatisfiable
		Solution found is 2

		Time elapsed: 00:00:47.17

	Instance 7
		Writing instance './RLSB/hwb50ps.sub.7.als'
		Running Alloy
		Iteration 0 with search 5 in range [1, 8] and 8 Int
			Unsatisfiable
		Iteration 1 with search 7 in range [6, 8] and 8 Int
			Satisfiable
		Iteration 2 with search 6 in range [6, 6] and 8 Int
			Satisfiable
		Solution found is 6

		Time elapsed: 00:00:36.93

	Instance 8
		Writing instance './RLSB/hwb50ps.sub.8.als'
		Running Alloy
		Iteration 0 with search 5 in range [1, 8] and 8 Int
			Satisfiable
		Iteration 1 with search 3 in range [1, 4] and 8 Int
			Satisfiable
		Iteration 2 with search 2 in range [1, 2] and 8 Int
			Satisfiable
		Iteration 3 with search 1 in range [1, 1] and 8 Int
			Unsatisfiable
		Solution found is 2

		Time elapsed: 00:00:46.66

	Instance 9
		Writing instance './RLSB/hwb50ps.sub.9.als'
		Running Alloy
		Iteration 0 with search 5 in range [1, 8] and 8 Int
			Satisfiable
		Iteration 1 with search 3 in range [1, 4] and 8 Int
			Unsatisfiable
		Iteration 2 with search 4 in range [4, 4] and 8 Int
			Satisfiable
		Solution found is 4

		Time elapsed: 00:00:37.94

	Instance 10
		Writing instance './RLSB/hwb50ps.sub.10.als'
		Running Alloy
		Iteration 0 with search 5 in range [1, 8] and 8 Int
			Satisfiable
		Iteration 1 with search 3 in range [1, 4] and 8 Int
			Satisfiable
		Iteration 2 with search 2 in range [1, 2] and 8 Int
			Satisfiable
		Iteration 3 with search 1 in range [1, 1] and 8 Int
			Unsatisfiable
		Solution found is 2

		Time elapsed: 00:00:47.51

	Instance 11
		Writing instance './RLSB/hwb50ps.sub.11.als'
		Running Alloy
		Iteration 0 with search 4 in range [1, 7] and 8 Int
			Satisfiable
		Iteration 1 with search 2 in range [1, 3] and 8 Int
			Satisfiable
		Iteration 2 with search 1 in range [1, 1] and 8 Int
			Unsatisfiable
		Solution found is 2

		Time elapsed: 00:00:35.36

	Instance 12
		Writing instance './RLSB/hwb50ps.sub.12.als'
		Running Alloy
		Iteration 0 with search 4 in range [1, 7] and 8 Int
			Satisfiable
		Iteration 1 with search 2 in range [1, 3] and 8 Int
			Unsatisfiable
		Iteration 2 with search 3 in range [3, 3] and 8 Int
			Unsatisfiable
		Solution found is 4

		Time elapsed: 00:00:36.08

	Instance 13
		Writing instance './RLSB/hwb50ps.sub.13.als'
		Running Alloy
		Iteration 0 with search 4 in range [1, 7] and 8 Int
			Satisfiable
		Iteration 1 with search 2 in range [1, 3] and 8 Int
			Satisfiable
		Iteration 2 with search 1 in range [1, 1] and 8 Int
			Unsatisfiable
		Solution found is 2

		Time elapsed: 00:00:35.14

	Instance 14
		Writing instance './RLSB/hwb50ps.sub.14.als'
		Running Alloy
		Iteration 0 with search 4 in range [1, 7] and 8 Int
			Satisfiable
		Iteration 1 with search 2 in range [1, 3] and 8 Int
			Unsatisfiable
		Iteration 2 with search 3 in range [3, 3] and 8 Int
			Unsatisfiable
		Solution found is 4

		Time elapsed: 00:00:36.75

	Instance 15
		Writing instance './RLSB/hwb50ps.sub.15.als'
		Running Alloy
		Iteration 0 with search 4 in range [1, 7] and 8 Int
			Satisfiable
		Iteration 1 with search 2 in range [1, 3] and 8 Int
			Satisfiable
		Iteration 2 with search 1 in range [1, 1] and 8 Int
			Unsatisfiable
		Solution found is 2

		Time elapsed: 00:00:33.52

	Instance 16
		Writing instance './RLSB/hwb50ps.sub.16.als'
		Running Alloy
		Iteration 0 with search 4 in range [1, 7] and 8 Int
			Satisfiable
		Iteration 1 with search 2 in range [1, 3] and 8 Int
			Satisfiable
		Iteration 2 with search 1 in range [1, 1] and 8 Int
			Unsatisfiable
		Solution found is 2

		Time elapsed: 00:00:35.52

	Instance 17
		Writing instance './RLSB/hwb50ps.sub.17.als'
		Running Alloy
		Iteration 0 with search 4 in range [1, 7] and 8 Int
			Satisfiable
		Iteration 1 with search 2 in range [1, 3] and 8 Int
			Unsatisfiable
		Iteration 2 with search 3 in range [3, 3] and 8 Int
			Unsatisfiable
		Solution found is 4

		Time elapsed: 00:00:37.18

	Instance 18
		Writing instance './RLSB/hwb50ps.sub.18.als'
		Running Alloy
		Iteration 0 with search 3 in range [1, 5] and 8 Int
			Unsatisfiable
		Iteration 1 with search 5 in range [4, 5] and 8 Int
			Satisfiable
		Iteration 2 with search 4 in range [4, 4] and 8 Int
			Satisfiable
		Solution found is 4

		Time elapsed: 00:00:34.90

	Instance 19
		Writing instance './RLSB/hwb50ps.sub.19.als'
		Running Alloy
		Iteration 0 with search 3 in range [1, 5] and 8 Int
			Satisfiable
		Iteration 1 with search 2 in range [1, 2] and 8 Int
			Satisfiable
		Iteration 2 with search 1 in range [1, 1] and 8 Int
			Unsatisfiable
		Solution found is 2

		Time elapsed: 00:00:37.91

	Instance 20
		Writing instance './RLSB/hwb50ps.sub.20.als'
		Running Alloy
		Iteration 0 with search 3 in range [1, 5] and 8 Int
			Satisfiable
		Iteration 1 with search 2 in range [1, 2] and 8 Int
			Satisfiable
		Iteration 2 with search 1 in range [1, 1] and 8 Int
			Unsatisfiable
		Solution found is 2

		Time elapsed: 00:00:35.77

	Instance 21
		Writing instance './RLSB/hwb50ps.sub.21.als'
		Running Alloy
		Iteration 0 with search 3 in range [1, 5] and 8 Int
			Unsatisfiable
		Iteration 1 with search 5 in range [4, 5] and 8 Int
			Satisfiable
		Iteration 2 with search 4 in range [4, 4] and 8 Int
			Satisfiable
		Solution found is 4

		Time elapsed: 00:00:37.90

	Instance 22
		Writing instance './RLSB/hwb50ps.sub.22.als'
		Running Alloy
		Iteration 0 with search 3 in range [1, 5] and 8 Int
			Satisfiable
		Iteration 1 with search 2 in range [1, 2] and 8 Int
			Satisfiable
		Iteration 2 with search 1 in range [1, 1] and 8 Int
			Unsatisfiable
		Solution found is 2

		Time elapsed: 00:00:36.30

	Instance 23
		Writing instance './RLSB/hwb50ps.sub.23.als'
		Running Alloy
		Iteration 0 with search 3 in range [1, 5] and 8 Int
			Satisfiable
		Iteration 1 with search 2 in range [1, 2] and 8 Int
			Satisfiable
		Iteration 2 with search 1 in range [1, 1] and 8 Int
			Unsatisfiable
		Solution found is 2

		Time elapsed: 00:00:34.85

	Instance 24
		Writing instance './RLSB/hwb50ps.sub.24.als'
		Running Alloy
		Iteration 0 with search 3 in range [1, 5] and 8 Int
			Satisfiable
		Iteration 1 with search 2 in range [1, 2] and 8 Int
			Satisfiable
		Iteration 2 with search 1 in range [1, 1] and 8 Int
			Unsatisfiable
		Solution found is 2

		Time elapsed: 00:00:34.20

	Instance 25
		Writing instance './RLSB/hwb50ps.sub.25.als'
		Running Alloy
		Iteration 0 with search 3 in range [1, 5] and 8 Int
			Satisfiable
		Iteration 1 with search 2 in range [1, 2] and 8 Int
			Satisfiable
		Iteration 2 with search 1 in range [1, 1] and 8 Int
			Unsatisfiable
		Solution found is 2

		Time elapsed: 00:00:34.29

	Instance 26
		Writing instance './RLSB/hwb50ps.sub.26.als'
		Running Alloy
		Iteration 0 with search 3 in range [1, 5] and 8 Int
			Satisfiable
		Iteration 1 with search 2 in range [1, 2] and 8 Int
			Satisfiable
		Iteration 2 with search 1 in range [1, 1] and 8 Int
			Unsatisfiable
		Solution found is 2

		Time elapsed: 00:00:32.10

	Instance 27
		Writing instance './RLSB/hwb50ps.sub.27.als'
		Running Alloy
		Iteration 0 with search 3 in range [1, 5] and 8 Int
			Unsatisfiable
		Iteration 1 with search 5 in range [4, 5] and 8 Int
			Satisfiable
		Iteration 2 with search 4 in range [4, 4] and 8 Int
			Satisfiable
		Solution found is 4

		Time elapsed: 00:00:35.08

	Instance 28
		Writing instance './RLSB/hwb50ps.sub.28.als'
		Running Alloy
		Iteration 0 with search 3 in range [1, 5] and 8 Int
			Satisfiable
		Iteration 1 with search 2 in range [1, 2] and 8 Int
			Satisfiable
		Iteration 2 with search 1 in range [1, 1] and 8 Int
			Unsatisfiable
		Solution found is 2

		Time elapsed: 00:00:35.39

	Instance 29
		Writing instance './RLSB/hwb50ps.sub.29.als'
		Running Alloy
		Iteration 0 with search 3 in range [1, 5] and 8 Int
			Satisfiable
		Iteration 1 with search 2 in range [1, 2] and 8 Int
			Satisfiable
		Iteration 2 with search 1 in range [1, 1] and 8 Int
			Unsatisfiable
		Solution found is 2

		Time elapsed: 00:00:34.13

	Instance 30
		Writing instance './RLSB/hwb50ps.sub.30.als'
		Running Alloy
		Iteration 0 with search 3 in range [1, 5] and 8 Int
			Satisfiable
		Iteration 1 with search 2 in range [1, 2] and 8 Int
			Satisfiable
		Iteration 2 with search 1 in range [1, 1] and 8 Int
			Unsatisfiable
		Solution found is 2

		Time elapsed: 00:00:34.89

	Instance 31
		Writing instance './RLSB/hwb50ps.sub.31.als'
		Running Alloy
		Iteration 0 with search 3 in range [1, 5] and 8 Int
			Satisfiable
		Iteration 1 with search 2 in range [1, 2] and 8 Int
			Satisfiable
		Iteration 2 with search 1 in range [1, 1] and 8 Int
			Unsatisfiable
		Solution found is 2

		Time elapsed: 00:00:34.01

	Instance 32
		Writing instance './RLSB/hwb50ps.sub.32.als'
		Running Alloy
		Iteration 0 with search 3 in range [1, 5] and 8 Int
			Satisfiable
		Iteration 1 with search 2 in range [1, 2] and 8 Int
			Satisfiable
		Iteration 2 with search 1 in range [1, 1] and 8 Int
			Unsatisfiable
		Solution found is 2

		Time elapsed: 00:00:34.69

	Instance 33
		Writing instance './RLSB/hwb50ps.sub.33.als'
		Running Alloy
		Iteration 0 with search 3 in range [1, 5] and 8 Int
			Unsatisfiable
		Iteration 1 with search 5 in range [4, 5] and 8 Int
			Satisfiable
		Iteration 2 with search 4 in range [4, 4] and 8 Int
			Satisfiable
		Solution found is 4

		Time elapsed: 00:00:37.12

	Instance 34
		Writing instance './RLSB/hwb50ps.sub.34.als'
		Running Alloy
		Iteration 0 with search 3 in range [1, 5] and 8 Int
			Unsatisfiable
		Iteration 1 with search 5 in range [4, 5] and 8 Int
			Satisfiable
		Iteration 2 with search 4 in range [4, 4] and 8 Int
			Satisfiable
		Solution found is 4

		Time elapsed: 00:00:41.48

	Instance 35
		Writing instance './RLSB/hwb50ps.sub.35.als'
		Running Alloy
		Iteration 0 with search 3 in range [1, 5] and 8 Int
			Unsatisfiable
		Iteration 1 with search 5 in range [4, 5] and 8 Int
			Unsatisfiable
		Iteration 2 with search 17 in range [6, 28] and 8 Int
			Satisfiable
		Iteration 3 with search 11 in range [6, 16] and 8 Int
			Satisfiable
		Iteration 4 with search 8 in range [6, 10] and 8 Int
			Unsatisfiable
		Iteration 5 with search 10 in range [9, 10] and 8 Int
			Satisfiable
		Iteration 6 with search 9 in range [9, 9] and 8 Int
			Unsatisfiable
		Solution found is 10

		Time elapsed: 00:04:36.09

	Instance 36
		Writing instance './RLSB/hwb50ps.sub.36.als'
		Running Alloy
		Iteration 0 with search 6 in range [1, 11] and 8 Int
			Unsatisfiable
		Iteration 1 with search 9 in range [7, 11] and 8 Int
			Unsatisfiable
		Iteration 2 with search 11 in range [10, 11] and 8 Int
			Unsatisfiable
		Iteration 3 with search 20 in range [12, 28] and 8 Int
			Satisfiable
		Iteration 4 with search 16 in range [12, 19] and 8 Int
			Satisfiable
		Iteration 5 with search 14 in range [12, 15] and 8 Int
			Satisfiable
		Iteration 6 with search 13 in range [12, 13] and 8 Int
			Satisfiable
		Iteration 7 with search 12 in range [12, 12] and 8 Int
			Satisfiable
		Solution found is 12

		Time elapsed: 00:06:36.90

	Instance 37
		Writing instance './RLSB/hwb50ps.sub.37.als'
		Running Alloy
		Iteration 0 with search 7 in range [1, 13] and 8 Int
			Unsatisfiable
		Iteration 1 with search 11 in range [8, 13] and 8 Int
			Unsatisfiable
		Iteration 2 with search 13 in range [12, 13] and 8 Int
			Satisfiable
		Iteration 3 with search 12 in range [12, 12] and 8 Int
			Unsatisfiable
		Solution found is 13

		Time elapsed: 00:33:01.81

	Instance 38
		Writing instance './RLSB/hwb50ps.sub.38.als'
		Running Alloy
		Iteration 0 with search 8 in range [1, 14] and 8 Int
			Unsatisfiable
		Iteration 1 with search 12 in range [9, 14] and 8 Int
			Satisfiable
		Iteration 2 with search 10 in range [9, 11] and 8 Int
			Unsatisfiable
		Iteration 3 with search 11 in range [11, 11] and 8 Int
			Unsatisfiable
		Solution found is 12

		Time elapsed: 01:54:32.87

	Instance 39
		Writing instance './RLSB/hwb50ps.sub.39.als'
		Running Alloy
		Iteration 0 with search 8 in range [1, 14] and 8 Int
			Satisfiable
		Iteration 1 with search 4 in range [1, 7] and 8 Int
			Unsatisfiable
		Iteration 2 with search 6 in range [5, 7] and 8 Int
			Unsatisfiable
		Iteration 3 with search 7 in range [7, 7] and 8 Int
			Unsatisfiable
		Solution found is 8

		Time elapsed: 00:01:01.53

	Instance 40
		Writing instance './RLSB/hwb50ps.sub.40.als'
		Running Alloy
		Iteration 0 with search 8 in range [1, 14] and 8 Int
			Unsatisfiable
		Iteration 1 with search 12 in range [9, 14] and 8 Int
			Satisfiable
		Iteration 2 with search 10 in range [9, 11] and 8 Int
			Satisfiable
		Iteration 3 with search 9 in range [9, 9] and 8 Int
			Unsatisfiable
		Solution found is 10

		Time elapsed: 00:02:19.56

	Instance 41
		Writing instance './RLSB/hwb50ps.sub.41.als'
		Running Alloy
		Iteration 0 with search 8 in range [1, 14] and 8 Int
			Unsatisfiable
		Iteration 1 with search 12 in range [9, 14] and 8 Int
			Unsatisfiable
		Iteration 2 with search 14 in range [13, 14] and 8 Int
			Satisfiable
		Iteration 3 with search 13 in range [13, 13] and 8 Int
			Satisfiable
		Solution found is 13

		Time elapsed: 00:25:33.39

	Instance 42
		Writing instance './RLSB/hwb50ps.sub.42.als'
		Running Alloy
		Iteration 0 with search 8 in range [1, 14] and 8 Int
			Unsatisfiable
		Iteration 1 with search 12 in range [9, 14] and 8 Int
			Satisfiable
		Iteration 2 with search 10 in range [9, 11] and 8 Int
			Satisfiable
		Iteration 3 with search 9 in range [9, 9] and 8 Int
			Unsatisfiable
		Solution found is 10

		Time elapsed: 00:01:32.68

	Instance 43
		Writing instance './RLSB/hwb50ps.sub.43.als'
		Running Alloy
		Iteration 0 with search 9 in range [3, 14] and 8 Int
			Satisfiable
		Iteration 1 with search 6 in range [3, 8] and 8 Int
			Unsatisfiable
		Iteration 2 with search 8 in range [7, 8] and 8 Int
			Satisfiable
		Iteration 3 with search 7 in range [7, 7] and 8 Int
			Satisfiable
		Solution found is 7

		Time elapsed: 00:01:00.67

	Instance 44
		Writing instance './RLSB/hwb50ps.sub.44.als'
		Running Alloy
		Iteration 0 with search 9 in range [3, 14] and 8 Int
			Unsatisfiable
		Iteration 1 with search 12 in range [10, 14] and 8 Int
			Satisfiable
		Iteration 2 with search 11 in range [10, 11] and 8 Int
			Satisfiable
		Iteration 3 with search 10 in range [10, 10] and 8 Int
			Satisfiable
		Solution found is 10

		Time elapsed: 00:02:27.11

	Instance 45
		Writing instance './RLSB/hwb50ps.sub.45.als'
		Running Alloy
		Iteration 0 with search 10 in range [6, 14] and 8 Int
			Satisfiable
		Iteration 1 with search 8 in range [6, 9] and 8 Int
			Satisfiable
		Iteration 2 with search 7 in range [6, 7] and 8 Int
			Unsatisfiable
		Solution found is 8

		Time elapsed: 00:00:55.88

	Instance 46
		Writing instance './RLSB/hwb50ps.sub.46.als'
		Running Alloy
		Iteration 0 with search 10 in range [6, 14] and 8 Int
			Satisfiable
		Iteration 1 with search 8 in range [6, 9] and 8 Int
			Satisfiable
		Iteration 2 with search 7 in range [6, 7] and 8 Int
			Unsatisfiable
		Solution found is 8

		Time elapsed: 00:00:56.55

	Instance 47
		Writing instance './RLSB/hwb50ps.sub.47.als'
		Running Alloy
		Iteration 0 with search 10 in range [6, 14] and 8 Int
			Unsatisfiable
		Iteration 1 with search 13 in range [11, 14] and 8 Int
			Satisfiable
		Iteration 2 with search 12 in range [11, 12] and 8 Int
			Satisfiable
		Iteration 3 with search 11 in range [11, 11] and 8 Int
			Unsatisfiable
		Solution found is 12

		Time elapsed: 00:17:09.08

	Instance 48
		Writing instance './RLSB/hwb50ps.sub.48.als'
		Running Alloy
		Iteration 0 with search 10 in range [6, 14] and 8 Int
			Unsatisfiable
		Iteration 1 with search 13 in range [11, 14] and 8 Int
			Satisfiable
		Iteration 2 with search 12 in range [11, 12] and 8 Int
			Satisfiable
		Iteration 3 with search 11 in range [11, 11] and 8 Int
			Unsatisfiable
		Solution found is 12

		Time elapsed: 00:04:48.82

	Instance 49
		Writing instance './RLSB/hwb50ps.sub.49.als'
		Running Alloy
		Iteration 0 with search 10 in range [6, 14] and 8 Int
			Unsatisfiable
		Iteration 1 with search 13 in range [11, 14] and 8 Int
			Satisfiable
		Iteration 2 with search 12 in range [11, 12] and 8 Int
			Satisfiable
		Iteration 3 with search 11 in range [11, 11] and 8 Int
			Satisfiable
		Solution found is 11

		Time elapsed: 00:02:21.30

	Instance 50
		Writing instance './RLSB/hwb50ps.sub.50.als'
		Running Alloy
		Iteration 0 with search 10 in range [6, 14] and 8 Int
			Satisfiable
		Iteration 1 with search 8 in range [6, 9] and 8 Int
			Unsatisfiable
		Iteration 2 with search 9 in range [9, 9] and 8 Int
			Unsatisfiable
		Solution found is 10

		Time elapsed: 00:01:54.26

	Instance 51
		Writing instance './RLSB/hwb50ps.sub.51.als'
		Running Alloy
		Iteration 0 with search 10 in range [6, 14] and 8 Int
			Unsatisfiable
		Iteration 1 with search 13 in range [11, 14] and 8 Int
			Satisfiable
		Iteration 2 with search 12 in range [11, 12] and 8 Int
			Satisfiable
		Iteration 3 with search 11 in range [11, 11] and 8 Int
			Satisfiable
		Solution found is 11

		Time elapsed: 00:06:35.18

	Instance 52
		Writing instance './RLSB/hwb50ps.sub.52.als'
		Running Alloy
		Iteration 0 with search 10 in range [6, 13] and 8 Int
			Unsatisfiable
		Iteration 1 with search 12 in range [11, 13] and 8 Int
			Satisfiable
		Iteration 2 with search 11 in range [11, 11] and 8 Int
			Unsatisfiable
		Solution found is 12

		Time elapsed: 00:12:48.04

	Instance 53
		Writing instance './RLSB/hwb50ps.sub.53.als'
		Running Alloy
		Iteration 0 with search 10 in range [6, 13] and 8 Int
			Satisfiable
		Iteration 1 with search 8 in range [6, 9] and 8 Int
			Unsatisfiable
		Iteration 2 with search 9 in range [9, 9] and 8 Int
			Unsatisfiable
		Solution found is 10

		Time elapsed: 00:08:39.93

	Instance 54
		Writing instance './RLSB/hwb50ps.sub.54.als'
		Running Alloy
		Iteration 0 with search 10 in range [7, 13] and 8 Int
			Unsatisfiable
		Iteration 1 with search 12 in range [11, 13] and 8 Int
			Unsatisfiable
		Iteration 2 with search 13 in range [13, 13] and 8 Int
			Unsatisfiable
		Iteration 3 with search 21 in range [14, 28] and 8 Int
			Satisfiable
		Iteration 4 with search 17 in range [14, 20] and 8 Int
			Satisfiable
		Iteration 5 with search 15 in range [14, 16] and 8 Int
			Satisfiable
		Iteration 6 with search 14 in range [14, 14] and 8 Int
			Satisfiable
		Solution found is 14

		Time elapsed: 03:24:54.78

	Instance 55
		Writing instance './RLSB/hwb50ps.sub.55.als'
		Running Alloy
		Iteration 0 with search 11 in range [7, 15] and 8 Int
			Satisfiable
		Iteration 1 with search 9 in range [7, 10] and 8 Int
			Unsatisfiable
		Iteration 2 with search 10 in range [10, 10] and 8 Int
			Unsatisfiable
		Solution found is 11

		Time elapsed: 00:02:08.48

	Instance 56
		Writing instance './RLSB/hwb50ps.sub.56.als'
		Running Alloy
		Iteration 0 with search 11 in range [7, 15] and 8 Int
			Satisfiable
		Iteration 1 with search 9 in range [7, 10] and 8 Int
			Unsatisfiable
		Iteration 2 with search 10 in range [10, 10] and 8 Int
			Unsatisfiable
		Solution found is 11

		Time elapsed: 00:04:13.75

	Instance 57
		Writing instance './RLSB/hwb50ps.sub.57.als'
		Running Alloy
		Iteration 0 with search 12 in range [9, 15] and 8 Int
			Satisfiable
		Iteration 1 with search 10 in range [9, 11] and 8 Int
			Satisfiable
		Iteration 2 with search 9 in range [9, 9] and 8 Int
			Unsatisfiable
		Solution found is 10

		Time elapsed: 00:06:45.06

	Instance 58
		Writing instance './RLSB/hwb50ps.sub.58.als'
		Running Alloy
		Iteration 0 with search 12 in range [9, 15] and 8 Int
			Satisfiable
		Iteration 1 with search 10 in range [9, 11] and 8 Int
			Unsatisfiable
		Iteration 2 with search 11 in range [11, 11] and 8 Int
			Satisfiable
		Solution found is 11

		Time elapsed: 00:02:44.47

	Instance 59
		Writing instance './RLSB/hwb50ps.sub.59.als'
		Running Alloy
		Iteration 0 with search 12 in range [9, 15] and 8 Int
			Satisfiable
		Iteration 1 with search 10 in range [9, 11] and 8 Int
			Unsatisfiable
		Iteration 2 with search 11 in range [11, 11] and 8 Int
			Unsatisfiable
		Solution found is 12

		Time elapsed: 00:13:09.90

	Instance 60
		Writing instance './RLSB/hwb50ps.sub.60.als'
		Running Alloy
		Iteration 0 with search 12 in range [9, 15] and 8 Int
			Unsatisfiable
		Iteration 1 with search 14 in range [13, 15] and 8 Int
			Satisfiable
		Iteration 2 with search 13 in range [13, 13] and 8 Int
			Unsatisfiable
		Solution found is 14

		Time elapsed: 04:08:21.67

	Instance 61
		Writing instance './RLSB/hwb50ps.sub.61.als'
		Running Alloy
		Iteration 0 with search 12 in range [9, 15] and 8 Int
			Unsatisfiable
		Iteration 1 with search 14 in range [13, 15] and 8 Int
			Satisfiable
		Iteration 2 with search 13 in range [13, 13] and 8 Int
			Satisfiable
		Solution found is 13

		Time elapsed: 03:21:31.12

	Instance 62
		Writing instance './RLSB/hwb50ps.sub.62.als'
		Running Alloy
		Iteration 0 with search 12 in range [9, 15] and 8 Int
			Satisfiable
		Iteration 1 with search 10 in range [9, 11] and 8 Int
			Unsatisfiable
		Iteration 2 with search 11 in range [11, 11] and 8 Int
			Unsatisfiable
		Solution found is 12

		Time elapsed: 00:15:26.81

	Instance 63
		Writing instance './RLSB/hwb50ps.sub.63.als'
		Running Alloy
		Iteration 0 with search 12 in range [9, 15] and 8 Int
			Satisfiable
		Iteration 1 with search 10 in range [9, 11] and 8 Int
			Unsatisfiable
		Iteration 2 with search 11 in range [11, 11] and 8 Int
			Satisfiable
		Solution found is 11

		Time elapsed: 00:03:00.88

	Instance 64
		Writing instance './RLSB/hwb50ps.sub.64.als'
		Running Alloy
		Iteration 0 with search 12 in range [9, 15] and 8 Int
			Satisfiable
		Iteration 1 with search 10 in range [9, 11] and 8 Int
			Satisfiable
		Iteration 2 with search 9 in range [9, 9] and 8 Int
			Satisfiable
		Iteration 3 with search 4 in range [0, 8] and 8 Int
			Unsatisfiable
		Iteration 4 with search 7 in range [5, 8] and 8 Int
			Unsatisfiable
		Iteration 5 with search 8 in range [8, 8] and 8 Int
			Unsatisfiable
		Solution found is 9

		Time elapsed: 00:02:06.99

	Instance 65
		Writing instance './RLSB/hwb50ps.sub.65.als'
		Running Alloy
		Iteration 0 with search 12 in range [8, 15] and 8 Int
			Satisfiable
		Iteration 1 with search 10 in range [8, 11] and 8 Int
			Unsatisfiable
		Iteration 2 with search 11 in range [11, 11] and 8 Int
			Satisfiable
		Solution found is 11

		Time elapsed: 00:02:17.84

	Instance 66
		Writing instance './RLSB/hwb50ps.sub.66.als'
		Running Alloy
		Iteration 0 with search 12 in range [8, 15] and 8 Int
			Satisfiable
		Iteration 1 with search 10 in range [8, 11] and 8 Int
			Unsatisfiable
		Iteration 2 with search 11 in range [11, 11] and 8 Int
			Unsatisfiable
		Solution found is 12

		Time elapsed: 00:14:45.09

	Instance 67
		Writing instance './RLSB/hwb50ps.sub.67.als'
		Running Alloy
		Iteration 0 with search 12 in range [8, 15] and 8 Int
			Unsatisfiable
		Iteration 1 with search 14 in range [13, 15] and 8 Int
			Satisfiable
		Iteration 2 with search 13 in range [13, 13] and 8 Int
			Satisfiable
		Solution found is 13

		Time elapsed: 00:45:08.95

	Instance 68
		Writing instance './RLSB/hwb50ps.sub.68.als'
		Running Alloy
		Iteration 0 with search 12 in range [8, 15] and 8 Int
			Satisfiable
		Iteration 1 with search 10 in range [8, 11] and 8 Int
			Unsatisfiable
		Iteration 2 with search 11 in range [11, 11] and 8 Int
			Satisfiable
		Solution found is 11

		Time elapsed: 00:16:34.04

	Instance 69
		Writing instance './RLSB/hwb50ps.sub.69.als'
		Running Alloy
		Iteration 0 with search 12 in range [8, 15] and 8 Int
			Satisfiable
		Iteration 1 with search 10 in range [8, 11] and 8 Int
			Unsatisfiable
		Iteration 2 with search 11 in range [11, 11] and 8 Int
			Unsatisfiable
		Solution found is 12

		Time elapsed: 00:18:01.36

	Instance 70
		Writing instance './RLSB/hwb50ps.sub.70.als'
		Running Alloy
		Iteration 0 with search 12 in range [8, 15] and 8 Int
			Satisfiable
		Iteration 1 with search 10 in range [8, 11] and 8 Int
			Unsatisfiable
		Iteration 2 with search 11 in range [11, 11] and 8 Int
			Satisfiable
		Solution found is 11

		Time elapsed: 00:03:35.40

	Instance 71
		Writing instance './RLSB/hwb50ps.sub.71.als'
		Running Alloy
		Iteration 0 with search 11 in range [8, 14] and 8 Int
			Satisfiable
		Iteration 1 with search 9 in range [8, 10] and 8 Int
			Unsatisfiable
		Iteration 2 with search 10 in range [10, 10] and 8 Int
			Satisfiable
		Solution found is 10

		Time elapsed: 00:02:24.09

	Instance 72
		Writing instance './RLSB/hwb50ps.sub.72.als'
		Running Alloy
		Iteration 0 with search 11 in range [8, 14] and 8 Int
			Satisfiable
		Iteration 1 with search 9 in range [8, 10] and 8 Int
			Satisfiable
		Iteration 2 with search 8 in range [8, 8] and 8 Int
			Unsatisfiable
		Solution found is 9

		Time elapsed: 00:02:10.73

	Instance 73
		Writing instance './RLSB/hwb50ps.sub.73.als'
		Running Alloy
		Iteration 0 with search 11 in range [8, 14] and 8 Int
			Satisfiable
		Iteration 1 with search 9 in range [8, 10] and 8 Int
			Satisfiable
		Iteration 2 with search 8 in range [8, 8] and 8 Int
			Unsatisfiable
		Solution found is 9

		Time elapsed: 00:01:47.93

	Instance 74
		Writing instance './RLSB/hwb50ps.sub.74.als'
		Running Alloy
		Iteration 0 with search 11 in range [8, 14] and 8 Int
			Unsatisfiable
		Iteration 1 with search 13 in range [12, 14] and 8 Int
			Satisfiable
		Iteration 2 with search 12 in range [12, 12] and 8 Int
			Unsatisfiable
		Solution found is 13

		Time elapsed: 00:20:28.19

	Instance 75
		Writing instance './RLSB/hwb50ps.sub.75.als'
		Running Alloy
		Iteration 0 with search 11 in range [8, 14] and 8 Int
			Satisfiable
		Iteration 1 with search 9 in range [8, 10] and 8 Int
			Unsatisfiable
		Iteration 2 with search 10 in range [10, 10] and 8 Int
			Unsatisfiable
		Solution found is 11

		Time elapsed: 00:04:13.90

	Cumulative solution is 556

	Time elapsed: 18:28:08.24
