Processing file './QFT20subp//qft.20.25.als'

    The search algorithm is 'recent'
    The bounds are [0, None]
    The layer size is 25
    The SAT solver is 'MiniSatJNI'
    RAM allocation is set to 28GB
    
	Splitting into 7 subproblems

	Instance 0
		Running Alloy
		Iteration 0 with search 26 in range [0, 52] and 8 Int
			Satisfiable
		Iteration 1 with search 13 in range [0, 25] and 8 Int
			Unsatisfiable
		Iteration 2 with search 20 in range [14, 25] and 8 Int
			Satisfiable
		Iteration 3 with search 17 in range [14, 19] and 8 Int
			Satisfiable
		Iteration 4 with search 15 in range [14, 16] and 8 Int
			Satisfiable
		Iteration 5 with search 14 in range [14, 14] and 8 Int
			Satisfiable
		Solution found is 14

		Time elapsed: 13:07:01.74

	Instance 1
		Running Alloy
		Iteration 0 with search 14 in range [13, 15] and 8 Int
			Unsatisfiable
		Iteration 1 with search 15 in range [15, 15] and 8 Int
			Satisfiable
		Solution found is 15

		Time elapsed: 08:20:11.78

	Instance 2
		Running Alloy
		Iteration 0 with search 15 in range [13, 16] and 8 Int
			Satisfiable
		Iteration 1 with search 14 in range [13, 14] and 8 Int
			Satisfiable
		Iteration 2 with search 13 in range [13, 13] and 8 Int
			Unsatisfiable
		Solution found is 14

		Time elapsed: 08:51:01.32

	Instance 3
		Running Alloy
		Iteration 0 with search 15 in range [13, 16] and 8 Int
			Satisfiable
		Iteration 1 with search 14 in range [13, 14] and 8 Int
			Satisfiable
		Iteration 2 with search 13 in range [13, 13] and 8 Int
			Satisfiable
		Iteration 3 with search 6 in range [0, 12] and 8 Int
			Unsatisfiable
		Iteration 4 with search 10 in range [7, 12] and 8 Int
			Unsatisfiable
		Iteration 5 with search 12 in range [11, 12] and 8 Int
			Satisfiable
		Iteration 6 with search 11 in range [11, 11] and 8 Int
			Unsatisfiable
		Solution found is 12

		Time elapsed: 15:03:11.04

	Instance 4
		Running Alloy
		Iteration 0 with search 14 in range [11, 16] and 8 Int
			Satisfiable
		Iteration 1 with search 12 in range [11, 13] and 8 Int
			Satisfiable
		Iteration 2 with search 11 in range [11, 11] and 8 Int
			Unsatisfiable
		Solution found is 12

		Time elapsed: 04:22:36.78

	Instance 5
		Running Alloy
		Iteration 0 with search 14 in range [11, 16] and 8 Int
			Satisfiable
		Iteration 1 with search 12 in range [11, 13] and 8 Int
			Unsatisfiable
		Iteration 2 with search 13 in range [13, 13] and 8 Int
			Satisfiable
		Solution found is 13

		Time elapsed: 00:33:36.91

	Instance 6
		Running Alloy
		Iteration 0 with search 14 in range [11, 16] and 8 Int
			Satisfiable
		Iteration 1 with search 12 in range [11, 13] and 8 Int
			Satisfiable
		Iteration 2 with search 11 in range [11, 11] and 8 Int
			Unsatisfiable
		Solution found is 12

		Time elapsed: 00:10:34.33

	Cumulative solution is 92

	Time elapsed: 50:28:14.04
