Processing file './QFT20subp//qft.20.15.als'

    The search algorithm is 'recent'
    The bounds are [0, None]
    The layer size is 15
    The SAT solver is 'MiniSatJNI'
    RAM allocation is set to 28GB
    
	Splitting into 12 subproblems

	Instance 0
		Running Alloy
		Iteration 0 with search 15 in range [0, 30] and 8 Int
			Satisfiable
		Iteration 1 with search 7 in range [0, 14] and 8 Int
			Unsatisfiable
		Iteration 2 with search 11 in range [8, 14] and 8 Int
			Satisfiable
		Iteration 3 with search 9 in range [8, 10] and 8 Int
			Satisfiable
		Iteration 4 with search 8 in range [8, 8] and 8 Int
			Unsatisfiable
		Solution found is 9

		Time elapsed: 00:37:26.38

	Instance 1
		Running Alloy
		Iteration 0 with search 9 in range [8, 10] and 8 Int
			Unsatisfiable
		Iteration 1 with search 10 in range [10, 10] and 8 Int
			Unsatisfiable
		Iteration 2 with search 22 in range [11, 32] and 8 Int
			Satisfiable
		Iteration 3 with search 16 in range [11, 21] and 8 Int
			Satisfiable
		Iteration 4 with search 13 in range [11, 15] and 8 Int
			Satisfiable
		Iteration 5 with search 12 in range [11, 12] and 8 Int
			Satisfiable
		Iteration 6 with search 11 in range [11, 11] and 8 Int
			Satisfiable
		Solution found is 11

		Time elapsed: 01:26:49.09

	Instance 2
		Running Alloy
		Iteration 0 with search 10 in range [8, 12] and 8 Int
			Satisfiable
		Iteration 1 with search 9 in range [8, 9] and 8 Int
			Unsatisfiable
		Solution found is 10

		Time elapsed: 00:02:54.40

	Instance 3
		Running Alloy
		Iteration 0 with search 10 in range [8, 12] and 8 Int
			Unsatisfiable
		Iteration 1 with search 12 in range [11, 12] and 8 Int
			Satisfiable
		Iteration 2 with search 11 in range [11, 11] and 8 Int
			Satisfiable
		Solution found is 11

		Time elapsed: 00:17:25.13

	Instance 4
		Running Alloy
		Iteration 0 with search 10 in range [8, 12] and 8 Int
			Unsatisfiable
		Iteration 1 with search 12 in range [11, 12] and 8 Int
			Satisfiable
		Iteration 2 with search 11 in range [11, 11] and 8 Int
			Satisfiable
		Solution found is 11

		Time elapsed: 00:24:03.39

	Instance 5
		Running Alloy
		Iteration 0 with search 10 in range [8, 12] and 8 Int
			Satisfiable
		Iteration 1 with search 9 in range [8, 9] and 8 Int
			Unsatisfiable
		Solution found is 10

		Time elapsed: 00:11:38.21

	Instance 6
		Running Alloy
		Iteration 0 with search 10 in range [8, 12] and 8 Int
			Satisfiable
		Iteration 1 with search 9 in range [8, 9] and 8 Int
			Unsatisfiable
		Solution found is 10

		Time elapsed: 00:07:51.79

	Instance 7
		Running Alloy
		Iteration 0 with search 10 in range [8, 12] and 8 Int
			Satisfiable
		Iteration 1 with search 9 in range [8, 9] and 8 Int
			Satisfiable
		Iteration 2 with search 8 in range [8, 8] and 8 Int
			Satisfiable
		Iteration 3 with search 4 in range [0, 7] and 8 Int
			Unsatisfiable
		Iteration 4 with search 6 in range [5, 7] and 8 Int
			Unsatisfiable
		Iteration 5 with search 7 in range [7, 7] and 8 Int
			Unsatisfiable
		Solution found is 8

		Time elapsed: 00:12:43.89

	Instance 8
		Running Alloy
		Iteration 0 with search 10 in range [7, 12] and 8 Int
			Satisfiable
		Iteration 1 with search 8 in range [7, 9] and 8 Int
			Satisfiable
		Iteration 2 with search 7 in range [7, 7] and 8 Int
			Unsatisfiable
		Solution found is 8

		Time elapsed: 00:16:38.57

	Instance 9
		Running Alloy
		Iteration 0 with search 10 in range [7, 12] and 8 Int
			Satisfiable
		Iteration 1 with search 8 in range [7, 9] and 8 Int
			Unsatisfiable
		Iteration 2 with search 9 in range [9, 9] and 8 Int
			Satisfiable
		Solution found is 9

		Time elapsed: 00:00:55.75

	Instance 10
		Running Alloy
		Iteration 0 with search 10 in range [7, 12] and 8 Int
			Satisfiable
		Iteration 1 with search 8 in range [7, 9] and 8 Int
			Unsatisfiable
		Iteration 2 with search 9 in range [9, 9] and 8 Int
			Satisfiable
		Solution found is 9

		Time elapsed: 00:03:04.14

	Instance 11
		Running Alloy
		Iteration 0 with search 10 in range [7, 12] and 8 Int
			Satisfiable
		Iteration 1 with search 8 in range [7, 9] and 8 Int
			Satisfiable
		Iteration 2 with search 7 in range [7, 7] and 8 Int
			Unsatisfiable
		Solution found is 8

		Time elapsed: 00:00:47.18

	Cumulative solution is 114

	Time elapsed: 03:42:18.04
