Processing file './QFT20subp//qft.20.20.als'

    The search algorithm is 'recent'
    The bounds are [0, None]
    The layer size is 20
    The SAT solver is 'MiniSatJNI'
    RAM allocation is set to 28GB
    
	Splitting into 9 subproblems

	Instance 0
		Running Alloy
		Iteration 0 with search 21 in range [0, 42] and 8 Int
			Satisfiable
		Iteration 1 with search 10 in range [0, 20] and 8 Int
			Unsatisfiable
		Iteration 2 with search 16 in range [11, 20] and 8 Int
			Satisfiable
		Iteration 3 with search 13 in range [11, 15] and 8 Int
			Satisfiable
		Iteration 4 with search 12 in range [11, 12] and 8 Int
			Satisfiable
		Iteration 5 with search 11 in range [11, 11] and 8 Int
			Unsatisfiable
		Solution found is 12

		Time elapsed: 01:46:15.02

	Instance 1
		Running Alloy
		Iteration 0 with search 12 in range [11, 13] and 8 Int
			Unsatisfiable
		Iteration 1 with search 13 in range [13, 13] and 8 Int
			Satisfiable
		Solution found is 13

		Time elapsed: 01:24:47.95

	Instance 2
		Running Alloy
		Iteration 0 with search 13 in range [11, 14] and 8 Int
			Satisfiable
		Iteration 1 with search 12 in range [11, 12] and 8 Int
			Satisfiable
		Iteration 2 with search 11 in range [11, 11] and 8 Int
			Satisfiable
		Iteration 3 with search 5 in range [0, 10] and 8 Int
			Unsatisfiable
		Iteration 4 with search 8 in range [6, 10] and 8 Int
			Satisfiable
		Iteration 5 with search 7 in range [6, 7] and 8 Int
			Unsatisfiable
		Solution found is 8

		Time elapsed: 00:53:16.52

	Instance 3
		Running Alloy
		Iteration 0 with search 11 in range [7, 14] and 8 Int
			Satisfiable
		Iteration 1 with search 9 in range [7, 10] and 8 Int
			Unsatisfiable
		Iteration 2 with search 10 in range [10, 10] and 8 Int
			Satisfiable
		Solution found is 10

		Time elapsed: 01:02:24.80

	Instance 4
		Running Alloy
		Iteration 0 with search 11 in range [7, 14] and 8 Int
			Satisfiable
		Iteration 1 with search 9 in range [7, 10] and 8 Int
			Satisfiable
		Iteration 2 with search 8 in range [7, 8] and 8 Int
			Satisfiable
		Iteration 3 with search 7 in range [7, 7] and 8 Int
			Unsatisfiable
		Solution found is 8

		Time elapsed: 01:58:12.94

	Instance 5
		Running Alloy
		Iteration 0 with search 11 in range [7, 14] and 8 Int
			Satisfiable
		Iteration 1 with search 9 in range [7, 10] and 8 Int
			Satisfiable
		Iteration 2 with search 8 in range [7, 8] and 8 Int
			Unsatisfiable
		Solution found is 9

		Time elapsed: 00:23:15.63

	Instance 6
		Running Alloy
		Iteration 0 with search 11 in range [7, 14] and 8 Int
			Satisfiable
		Iteration 1 with search 9 in range [7, 10] and 8 Int
			Satisfiable
		Iteration 2 with search 8 in range [7, 8] and 8 Int
			Satisfiable
		Iteration 3 with search 7 in range [7, 7] and 8 Int
			Unsatisfiable
		Solution found is 8

		Time elapsed: 00:23:14.58

	Instance 7
		Running Alloy
		Iteration 0 with search 11 in range [7, 14] and 8 Int
			Satisfiable
		Iteration 1 with search 9 in range [7, 10] and 8 Int
			Satisfiable
		Iteration 2 with search 8 in range [7, 8] and 8 Int
			Unsatisfiable
		Solution found is 9

		Time elapsed: 00:04:50.51

	Instance 8
		Running Alloy
		Iteration 0 with search 11 in range [7, 14] and 8 Int
			Satisfiable
		Iteration 1 with search 9 in range [7, 10] and 8 Int
			Unsatisfiable
		Iteration 2 with search 10 in range [10, 10] and 8 Int
			Satisfiable
		Solution found is 10

		Time elapsed: 00:09:58.63

	Cumulative solution is 87

	Time elapsed: 08:06:16.68
