Processing file './QFT20cap20lay/qft.20.19.10.tfc'

    The search algorithm is 'recent'
    The bounds are [0, None]
    The layer size is [0]
    The SAT solver is 'MiniSatJNI'
    RAM allocation is set to 15GB
    
	Ignored single-qubit gates reduced the layer count by 20 (10.53%)
	Layer merging reduced the layer count by 16 (8.42%)
	There was a total layer reduction of 36 (18.95%)
	The layer total is 174
	The number of qubits is 20
	The number of machines is 10
	The largest gate has arity 2
	The machine capacity is 19
	The qubit allocation policy is 'QubitAlloc.IN_ORDER'
	Splitting into 1 subproblems

	Instance 0
		Running Alloy
		Iteration 0 with search 190 in range [0, 380] and 10 Int
			Satisfiable
		Iteration 1 with search 95 in range [0, 189] and 9 Int
			Satisfiable
		Iteration 2 with search 47 in range [0, 94] and 8 Int
			Satisfiable
		Iteration 3 with search 23 in range [0, 46] and 8 Int
			Satisfiable
		Iteration 4 with search 11 in range [0, 22] and 8 Int
			Satisfiable
		Iteration 5 with search 5 in range [0, 10] and 8 Int
			Satisfiable
		Iteration 6 with search 2 in range [0, 4] and 8 Int
			Satisfiable
		Iteration 7 with search 1 in range [0, 1] and 8 Int
			Unsatisfiable
		Solution found is 2

		Time elapsed: 05:55:53.31

	Cumulative solution is 2

	Time elapsed: 05:55:54.88
