Processing file './QFT16cap/qft.16.5.10.tfc'

    The search algorithm is 'recent'
    The bounds are [0, None]
    The layer size is [0]
    The SAT solver is 'MiniSatJNI'
    RAM allocation is set to 10GB
    
	Ignored single-qubit gates reduced the layer count by 16 (13.33%)
	Layer merging reduced the layer count by 12 (10.00%)
	There was a total layer reduction of 28 (23.33%)
	The layer total is 108
	The number of qubits is 16
	The number of machines is 10
	The largest gate has arity 2
	The machine capacity is 5
	The qubit allocation policy is 'QubitAlloc.IN_ORDER'
	Splitting into 1 subproblems

	Instance 0
		Running Alloy
		Iteration 0 with search 120 in range [0, 240] and 9 Int
			Satisfiable
		Iteration 1 with search 60 in range [0, 119] and 8 Int
			Satisfiable
		Iteration 2 with search 30 in range [0, 59] and 8 Int
			Unsatisfiable
		Iteration 3 with search 45 in range [31, 59] and 8 Int
			Satisfiable
		Iteration 4 with search 38 in range [31, 44] and 8 Int
			Satisfiable
		Iteration 5 with search 34 in range [31, 37] and 8 Int
			Unsatisfiable
		Iteration 6 with search 36 in range [35, 37] and 8 Int
			Unsatisfiable
		Iteration 7 with search 37 in range [37, 37] and 8 Int
			Unsatisfiable
		Solution found is 38

		Time elapsed: 08:31:35.32

	Cumulative solution is 38

	Time elapsed: 08:31:35.76
