Processing file './QFT16cap/qft.16.7.5.tfc'

    The search algorithm is 'recent'
    The bounds are [0, None]
    The layer size is [0]
    The SAT solver is 'MiniSatJNI'
    RAM allocation is set to 10GB
    
	Ignored single-qubit gates reduced the layer count by 16 (13.33%)
	Layer merging reduced the layer count by 12 (10.00%)
	There was a total layer reduction of 28 (23.33%)
	The layer total is 108
	The number of qubits is 16
	The number of machines is 5
	The largest gate has arity 2
	The machine capacity is 7
	The qubit allocation policy is 'QubitAlloc.IN_ORDER'
	Splitting into 1 subproblems

	Instance 0
		Running Alloy
		Iteration 0 with search 120 in range [0, 240] and 9 Int
			Satisfiable
		Iteration 1 with search 60 in range [0, 119] and 8 Int
			Satisfiable
		Iteration 2 with search 30 in range [0, 59] and 8 Int
			Satisfiable
		Iteration 3 with search 15 in range [0, 29] and 8 Int
			Unsatisfiable
		Iteration 4 with search 23 in range [16, 29] and 8 Int
			Satisfiable
		Iteration 5 with search 19 in range [16, 22] and 8 Int
			Unsatisfiable
		Iteration 6 with search 21 in range [20, 22] and 8 Int
			Unsatisfiable
		Iteration 7 with search 22 in range [22, 22] and 8 Int
			Unsatisfiable
		Solution found is 23

		Time elapsed: 00:41:43.57

	Cumulative solution is 23

	Time elapsed: 00:41:43.93
