Processing file './QFT16cap/qft.16.3.10.tfc'

    The search algorithm is 'recent'
    The bounds are [0, None]
    The layer size is [0]
    The SAT solver is 'MiniSatJNI'
    RAM allocation is set to 10GB
    
	Ignored single-qubit gates reduced the layer count by 16 (13.33%)
	Layer merging reduced the layer count by 12 (10.00%)
	There was a total layer reduction of 28 (23.33%)
	The layer total is 108
	The number of qubits is 16
	The number of machines is 10
	The largest gate has arity 2
	The machine capacity is 3
	The qubit allocation policy is 'QubitAlloc.IN_ORDER'
	Splitting into 1 subproblems

	Instance 0
		Running Alloy
		Iteration 0 with search 120 in range [0, 240] and 9 Int
			Satisfiable
		Iteration 1 with search 60 in range [0, 119] and 8 Int
			Unsatisfiable
		Iteration 2 with search 90 in range [61, 119] and 9 Int
			Satisfiable
		Iteration 3 with search 75 in range [61, 89] and 9 Int
			Satisfiable
		Iteration 4 with search 68 in range [61, 74] and 9 Int
			Unsatisfiable
		Iteration 5 with search 72 in range [69, 74] and 9 Int
			Satisfiable
		Iteration 6 with search 70 in range [69, 71] and 9 Int
			Unsatisfiable
		Iteration 7 with search 71 in range [71, 71] and 9 Int
			Satisfiable
		Solution found is 71

		Time elapsed: 03:21:54.40

	Cumulative solution is 71

	Time elapsed: 03:21:54.82
