Processing file './QFT16cap/qft.16.4.5.tfc'

    The search algorithm is 'recent'
    The bounds are [0, None]
    The layer size is [0]
    The SAT solver is 'MiniSatJNI'
    RAM allocation is set to 10GB
    
	Ignored single-qubit gates reduced the layer count by 16 (13.33%)
	Layer merging reduced the layer count by 12 (10.00%)
	There was a total layer reduction of 28 (23.33%)
	The layer total is 108
	The number of qubits is 16
	The number of machines is 5
	The largest gate has arity 2
	The machine capacity is 4
	The qubit allocation policy is 'QubitAlloc.IN_ORDER'
	Splitting into 1 subproblems

	Instance 0
		Running Alloy
		Iteration 0 with search 120 in range [0, 240] and 9 Int
			Satisfiable
		Iteration 1 with search 60 in range [0, 119] and 8 Int
			Satisfiable
		Iteration 2 with search 30 in range [0, 59] and 8 Int
			Unsatisfiable
		Iteration 3 with search 45 in range [31, 59] and 8 Int
			Unsatisfiable
		Iteration 4 with search 53 in range [46, 59] and 8 Int
			Satisfiable
		Iteration 5 with search 49 in range [46, 52] and 8 Int
			Satisfiable
		Iteration 6 with search 47 in range [46, 48] and 8 Int
			Unsatisfiable
		Iteration 7 with search 48 in range [48, 48] and 8 Int
			Unsatisfiable
		Solution found is 49

		Time elapsed: 02:42:05.35

	Cumulative solution is 49

	Time elapsed: 02:42:05.71
