Processing file './QFT16cap/qft.16.10.2.tfc'

    The search algorithm is 'recent'
    The bounds are [0, None]
    The layer size is [0]
    The SAT solver is 'MiniSatJNI'
    RAM allocation is set to 10GB
    
	Ignored single-qubit gates reduced the layer count by 16 (13.33%)
	Layer merging reduced the layer count by 12 (10.00%)
	There was a total layer reduction of 28 (23.33%)
	The layer total is 108
	The number of qubits is 16
	The number of machines is 2
	The largest gate has arity 2
	The machine capacity is 10
	The qubit allocation policy is 'QubitAlloc.IN_ORDER'
	Splitting into 1 subproblems

	Instance 0
		Running Alloy
		Iteration 0 with search 120 in range [0, 240] and 9 Int
			Satisfiable
		Iteration 1 with search 60 in range [0, 119] and 8 Int
			Satisfiable
		Iteration 2 with search 30 in range [0, 59] and 8 Int
			Satisfiable
		Iteration 3 with search 15 in range [0, 29] and 8 Int
			Satisfiable
		Iteration 4 with search 7 in range [0, 14] and 8 Int
			Unsatisfiable
		Iteration 5 with search 11 in range [8, 14] and 8 Int
			Unsatisfiable
		Iteration 6 with search 13 in range [12, 14] and 8 Int
			Satisfiable
		Iteration 7 with search 12 in range [12, 12] and 8 Int
			Satisfiable
		Solution found is 12

		Time elapsed: 00:06:59.21

	Cumulative solution is 12

	Time elapsed: 00:06:59.49
