Processing file './QFT/qft.032.tfc'

    The search algorithm is 'recent'
    The bounds are [0, None]
    The layer size is 10
    The SAT solver is 'MiniSatJNI'
    RAM allocation is set to 13GB
    
	Ignored single-qubit gates reduced the layer count by 32 (6.45%)
	Layer merging reduced the layer count by 28 (5.65%)
	There was a total layer reduction of 60 (12.10%)
	The layer total is 468
	The number of qubits is 32
	The number of machines is 4
	The largest gate has arity 2
	The machine capacity is 8
	The qubit allocation policy is 'QubitAlloc.IN_ORDER'
	Splitting into 47 subproblems

	Instance 0
		Writing instance './QFT/qft.032.sub.0.als'
		Running Alloy
		Iteration 0 with search 10 in range [0, 20] and 8 Int
			Satisfiable
		Iteration 1 with search 5 in range [0, 9] and 8 Int
			Satisfiable
		Iteration 2 with search 2 in range [0, 4] and 8 Int
			Satisfiable
		Iteration 3 with search 1 in range [0, 1] and 8 Int
			Unsatisfiable
		Solution found is 2

		Time elapsed: 00:02:08.78

	Instance 1
		Writing instance './QFT/qft.032.sub.1.als'
		Running Alloy
		Iteration 0 with search 2 in range [1, 3] and 8 Int
			Unsatisfiable
		Iteration 1 with search 3 in range [3, 3] and 8 Int
			Unsatisfiable
		Iteration 2 with search 12 in range [4, 20] and 8 Int
			Satisfiable
		Iteration 3 with search 8 in range [4, 11] and 8 Int
			Satisfiable
		Iteration 4 with search 6 in range [4, 7] and 8 Int
			Satisfiable
		Iteration 5 with search 5 in range [4, 5] and 8 Int
			Satisfiable
		Iteration 6 with search 4 in range [4, 4] and 8 Int
			Satisfiable
		Solution found is 4

		Time elapsed: 00:01:52.14

	Instance 2
		Writing instance './QFT/qft.032.sub.2.als'
		Running Alloy
		Iteration 0 with search 3 in range [1, 5] and 8 Int
			Unsatisfiable
		Iteration 1 with search 5 in range [4, 5] and 8 Int
			Satisfiable
		Iteration 2 with search 4 in range [4, 4] and 8 Int
			Satisfiable
		Solution found is 4

		Time elapsed: 00:00:17.79

	Instance 3
		Writing instance './QFT/qft.032.sub.3.als'
		Running Alloy
		Iteration 0 with search 3 in range [1, 5] and 8 Int
			Unsatisfiable
		Iteration 1 with search 5 in range [4, 5] and 8 Int
			Unsatisfiable
		Iteration 2 with search 14 in range [6, 22] and 8 Int
			Satisfiable
		Iteration 3 with search 10 in range [6, 13] and 8 Int
			Satisfiable
		Iteration 4 with search 8 in range [6, 9] and 8 Int
			Satisfiable
		Iteration 5 with search 7 in range [6, 7] and 8 Int
			Satisfiable
		Iteration 6 with search 6 in range [6, 6] and 8 Int
			Satisfiable
		Solution found is 6

		Time elapsed: 00:04:14.76

	Instance 4
		Writing instance './QFT/qft.032.sub.4.als'
		Running Alloy
		Iteration 0 with search 4 in range [1, 7] and 8 Int
			Satisfiable
		Iteration 1 with search 2 in range [1, 3] and 8 Int
			Unsatisfiable
		Iteration 2 with search 3 in range [3, 3] and 8 Int
			Unsatisfiable
		Solution found is 4

		Time elapsed: 00:00:31.23

	Instance 5
		Writing instance './QFT/qft.032.sub.5.als'
		Running Alloy
		Iteration 0 with search 4 in range [1, 7] and 8 Int
			Unsatisfiable
		Iteration 1 with search 6 in range [5, 7] and 8 Int
			Satisfiable
		Iteration 2 with search 5 in range [5, 5] and 8 Int
			Unsatisfiable
		Solution found is 6

		Time elapsed: 00:00:33.07

	Instance 6
		Writing instance './QFT/qft.032.sub.6.als'
		Running Alloy
		Iteration 0 with search 4 in range [1, 7] and 8 Int
			Satisfiable
		Iteration 1 with search 2 in range [1, 3] and 8 Int
			Unsatisfiable
		Iteration 2 with search 3 in range [3, 3] and 8 Int
			Unsatisfiable
		Solution found is 4

		Time elapsed: 00:00:48.78

	Instance 7
		Writing instance './QFT/qft.032.sub.7.als'
		Running Alloy
		Iteration 0 with search 4 in range [1, 7] and 8 Int
			Unsatisfiable
		Iteration 1 with search 6 in range [5, 7] and 8 Int
			Satisfiable
		Iteration 2 with search 5 in range [5, 5] and 8 Int
			Unsatisfiable
		Solution found is 6

		Time elapsed: 00:00:51.21

	Instance 8
		Writing instance './QFT/qft.032.sub.8.als'
		Running Alloy
		Iteration 0 with search 4 in range [1, 7] and 8 Int
			Satisfiable
		Iteration 1 with search 2 in range [1, 3] and 8 Int
			Unsatisfiable
		Iteration 2 with search 3 in range [3, 3] and 8 Int
			Unsatisfiable
		Solution found is 4

		Time elapsed: 00:00:21.55

	Instance 9
		Writing instance './QFT/qft.032.sub.9.als'
		Running Alloy
		Iteration 0 with search 4 in range [1, 7] and 8 Int
			Unsatisfiable
		Iteration 1 with search 6 in range [5, 7] and 8 Int
			Satisfiable
		Iteration 2 with search 5 in range [5, 5] and 8 Int
			Unsatisfiable
		Solution found is 6

		Time elapsed: 00:08:40.99

	Instance 10
		Writing instance './QFT/qft.032.sub.10.als'
		Running Alloy
		Iteration 0 with search 4 in range [1, 7] and 8 Int
			Unsatisfiable
		Iteration 1 with search 6 in range [5, 7] and 8 Int
			Unsatisfiable
		Iteration 2 with search 7 in range [7, 7] and 8 Int
			Unsatisfiable
		Iteration 3 with search 14 in range [8, 20] and 8 Int
			Satisfiable
		Iteration 4 with search 11 in range [8, 13] and 8 Int
			Satisfiable
		Iteration 5 with search 9 in range [8, 10] and 8 Int
			Satisfiable
		Iteration 6 with search 8 in range [8, 8] and 8 Int
			Unsatisfiable
		Solution found is 9

		Time elapsed: 00:17:57.67

	Instance 11
		Writing instance './QFT/qft.032.sub.11.als'
		Running Alloy
		Iteration 0 with search 7 in range [3, 10] and 8 Int
			Satisfiable
		Iteration 1 with search 5 in range [3, 6] and 8 Int
			Satisfiable
		Iteration 2 with search 4 in range [3, 4] and 8 Int
			Unsatisfiable
		Solution found is 5

		Time elapsed: 00:00:59.14

	Instance 12
		Writing instance './QFT/qft.032.sub.12.als'
		Running Alloy
		Iteration 0 with search 7 in range [3, 10] and 8 Int
			Satisfiable
		Iteration 1 with search 5 in range [3, 6] and 8 Int
			Satisfiable
		Iteration 2 with search 4 in range [3, 4] and 8 Int
			Unsatisfiable
		Solution found is 5

		Time elapsed: 00:00:46.55

	Instance 13
		Writing instance './QFT/qft.032.sub.13.als'
		Running Alloy
		Iteration 0 with search 7 in range [3, 10] and 8 Int
			Satisfiable
		Iteration 1 with search 5 in range [3, 6] and 8 Int
			Unsatisfiable
		Iteration 2 with search 6 in range [6, 6] and 8 Int
			Satisfiable
		Solution found is 6

		Time elapsed: 00:01:23.23

	Instance 14
		Writing instance './QFT/qft.032.sub.14.als'
		Running Alloy
		Iteration 0 with search 7 in range [3, 10] and 8 Int
			Unsatisfiable
		Iteration 1 with search 9 in range [8, 10] and 8 Int
			Satisfiable
		Iteration 2 with search 8 in range [8, 8] and 8 Int
			Unsatisfiable
		Solution found is 9

		Time elapsed: 00:01:43.81

	Instance 15
		Writing instance './QFT/qft.032.sub.15.als'
		Running Alloy
		Iteration 0 with search 7 in range [3, 10] and 8 Int
			Satisfiable
		Iteration 1 with search 5 in range [3, 6] and 8 Int
			Satisfiable
		Iteration 2 with search 4 in range [3, 4] and 8 Int
			Satisfiable
		Iteration 3 with search 3 in range [3, 3] and 8 Int
			Unsatisfiable
		Solution found is 4

		Time elapsed: 00:01:04.80

	Instance 16
		Writing instance './QFT/qft.032.sub.16.als'
		Running Alloy
		Iteration 0 with search 7 in range [3, 10] and 8 Int
			Satisfiable
		Iteration 1 with search 5 in range [3, 6] and 8 Int
			Satisfiable
		Iteration 2 with search 4 in range [3, 4] and 8 Int
			Satisfiable
		Iteration 3 with search 3 in range [3, 3] and 8 Int
			Unsatisfiable
		Solution found is 4

		Time elapsed: 00:00:50.52

	Instance 17
		Writing instance './QFT/qft.032.sub.17.als'
		Running Alloy
		Iteration 0 with search 7 in range [3, 10] and 8 Int
			Satisfiable
		Iteration 1 with search 5 in range [3, 6] and 8 Int
			Satisfiable
		Iteration 2 with search 4 in range [3, 4] and 8 Int
			Satisfiable
		Iteration 3 with search 3 in range [3, 3] and 8 Int
			Unsatisfiable
		Solution found is 4

		Time elapsed: 00:00:55.60

	Instance 18
		Writing instance './QFT/qft.032.sub.18.als'
		Running Alloy
		Iteration 0 with search 7 in range [3, 10] and 8 Int
			Satisfiable
		Iteration 1 with search 5 in range [3, 6] and 8 Int
			Satisfiable
		Iteration 2 with search 4 in range [3, 4] and 8 Int
			Satisfiable
		Iteration 3 with search 3 in range [3, 3] and 8 Int
			Unsatisfiable
		Solution found is 4

		Time elapsed: 00:00:55.63

	Instance 19
		Writing instance './QFT/qft.032.sub.19.als'
		Running Alloy
		Iteration 0 with search 7 in range [3, 10] and 8 Int
			Satisfiable
		Iteration 1 with search 5 in range [3, 6] and 8 Int
			Unsatisfiable
		Iteration 2 with search 6 in range [6, 6] and 8 Int
			Satisfiable
		Solution found is 6

		Time elapsed: 00:01:02.20

	Instance 20
		Writing instance './QFT/qft.032.sub.20.als'
		Running Alloy
		Iteration 0 with search 7 in range [3, 10] and 8 Int
			Satisfiable
		Iteration 1 with search 5 in range [3, 6] and 8 Int
			Satisfiable
		Iteration 2 with search 4 in range [3, 4] and 8 Int
			Satisfiable
		Iteration 3 with search 3 in range [3, 3] and 8 Int
			Unsatisfiable
		Solution found is 4

		Time elapsed: 00:00:49.44

	Instance 21
		Writing instance './QFT/qft.032.sub.21.als'
		Running Alloy
		Iteration 0 with search 7 in range [3, 10] and 8 Int
			Satisfiable
		Iteration 1 with search 5 in range [3, 6] and 8 Int
			Satisfiable
		Iteration 2 with search 4 in range [3, 4] and 8 Int
			Satisfiable
		Iteration 3 with search 3 in range [3, 3] and 8 Int
			Unsatisfiable
		Solution found is 4

		Time elapsed: 00:01:29.62

	Instance 22
		Writing instance './QFT/qft.032.sub.22.als'
		Running Alloy
		Iteration 0 with search 7 in range [3, 10] and 8 Int
			Satisfiable
		Iteration 1 with search 5 in range [3, 6] and 8 Int
			Unsatisfiable
		Iteration 2 with search 6 in range [6, 6] and 8 Int
			Satisfiable
		Solution found is 6

		Time elapsed: 00:01:25.05

	Instance 23
		Writing instance './QFT/qft.032.sub.23.als'
		Running Alloy
		Iteration 0 with search 7 in range [3, 10] and 8 Int
			Satisfiable
		Iteration 1 with search 5 in range [3, 6] and 8 Int
			Satisfiable
		Iteration 2 with search 4 in range [3, 4] and 8 Int
			Satisfiable
		Iteration 3 with search 3 in range [3, 3] and 8 Int
			Unsatisfiable
		Solution found is 4

		Time elapsed: 00:00:28.11

	Instance 24
		Writing instance './QFT/qft.032.sub.24.als'
		Running Alloy
		Iteration 0 with search 7 in range [3, 10] and 8 Int
			Satisfiable
		Iteration 1 with search 5 in range [3, 6] and 8 Int
			Unsatisfiable
		Iteration 2 with search 6 in range [6, 6] and 8 Int
			Satisfiable
		Solution found is 6

		Time elapsed: 00:00:49.95

	Instance 25
		Writing instance './QFT/qft.032.sub.25.als'
		Running Alloy
		Iteration 0 with search 5 in range [3, 7] and 8 Int
			Satisfiable
		Iteration 1 with search 4 in range [3, 4] and 8 Int
			Satisfiable
		Iteration 2 with search 3 in range [3, 3] and 8 Int
			Satisfiable
		Iteration 3 with search 1 in range [0, 2] and 8 Int
			Unsatisfiable
		Iteration 4 with search 2 in range [2, 2] and 8 Int
			Satisfiable
		Solution found is 2

		Time elapsed: 00:00:23.15

	Instance 26
		Writing instance './QFT/qft.032.sub.26.als'
		Running Alloy
		Iteration 0 with search 4 in range [1, 7] and 8 Int
			Satisfiable
		Iteration 1 with search 2 in range [1, 3] and 8 Int
			Unsatisfiable
		Iteration 2 with search 3 in range [3, 3] and 8 Int
			Unsatisfiable
		Solution found is 4

		Time elapsed: 00:18:39.51

	Instance 27
		Writing instance './QFT/qft.032.sub.27.als'
		Running Alloy
		Iteration 0 with search 4 in range [1, 7] and 8 Int
			Unsatisfiable
		Iteration 1 with search 6 in range [5, 7] and 8 Int
			Satisfiable
		Iteration 2 with search 5 in range [5, 5] and 8 Int
			Satisfiable
		Solution found is 5

		Time elapsed: 00:00:15.28

	Instance 28
		Writing instance './QFT/qft.032.sub.28.als'
		Running Alloy
		Iteration 0 with search 4 in range [1, 7] and 8 Int
			Unsatisfiable
		Iteration 1 with search 6 in range [5, 7] and 8 Int
			Satisfiable
		Iteration 2 with search 5 in range [5, 5] and 8 Int
			Satisfiable
		Solution found is 5

		Time elapsed: 00:00:42.77

	Instance 29
		Writing instance './QFT/qft.032.sub.29.als'
		Running Alloy
		Iteration 0 with search 4 in range [1, 7] and 8 Int
			Satisfiable
		Iteration 1 with search 2 in range [1, 3] and 8 Int
			Unsatisfiable
		Iteration 2 with search 3 in range [3, 3] and 8 Int
			Unsatisfiable
		Solution found is 4

		Time elapsed: 00:00:31.48

	Instance 30
		Writing instance './QFT/qft.032.sub.30.als'
		Running Alloy
		Iteration 0 with search 4 in range [1, 7] and 8 Int
			Unsatisfiable
		Iteration 1 with search 6 in range [5, 7] and 8 Int
			Satisfiable
		Iteration 2 with search 5 in range [5, 5] and 8 Int
			Unsatisfiable
		Solution found is 6

		Time elapsed: 00:03:45.45

	Instance 31
		Writing instance './QFT/qft.032.sub.31.als'
		Running Alloy
		Iteration 0 with search 4 in range [1, 7] and 8 Int
			Unsatisfiable
		Iteration 1 with search 6 in range [5, 7] and 8 Int
			Satisfiable
		Iteration 2 with search 5 in range [5, 5] and 8 Int
			Unsatisfiable
		Solution found is 6

		Time elapsed: 00:01:18.84

	Instance 32
		Writing instance './QFT/qft.032.sub.32.als'
		Running Alloy
		Iteration 0 with search 4 in range [1, 7] and 8 Int
			Satisfiable
		Iteration 1 with search 2 in range [1, 3] and 8 Int
			Unsatisfiable
		Iteration 2 with search 3 in range [3, 3] and 8 Int
			Unsatisfiable
		Solution found is 4

		Time elapsed: 00:00:25.14

	Instance 33
		Writing instance './QFT/qft.032.sub.33.als'
		Running Alloy
		Iteration 0 with search 4 in range [1, 7] and 8 Int
			Satisfiable
		Iteration 1 with search 2 in range [1, 3] and 8 Int
			Unsatisfiable
		Iteration 2 with search 3 in range [3, 3] and 8 Int
			Unsatisfiable
		Solution found is 4

		Time elapsed: 00:03:33.76

	Instance 34
		Writing instance './QFT/qft.032.sub.34.als'
		Running Alloy
		Iteration 0 with search 4 in range [1, 7] and 8 Int
			Satisfiable
		Iteration 1 with search 2 in range [1, 3] and 8 Int
			Unsatisfiable
		Iteration 2 with search 3 in range [3, 3] and 8 Int
			Unsatisfiable
		Solution found is 4

		Time elapsed: 00:00:13.23

	Instance 35
		Writing instance './QFT/qft.032.sub.35.als'
		Running Alloy
		Iteration 0 with search 4 in range [1, 7] and 8 Int
			Satisfiable
		Iteration 1 with search 2 in range [1, 3] and 8 Int
			Unsatisfiable
		Iteration 2 with search 3 in range [3, 3] and 8 Int
			Unsatisfiable
		Solution found is 4

		Time elapsed: 00:00:20.13

	Instance 36
		Writing instance './QFT/qft.032.sub.36.als'
		Running Alloy
		Iteration 0 with search 5 in range [3, 7] and 8 Int
			Satisfiable
		Iteration 1 with search 4 in range [3, 4] and 8 Int
			Satisfiable
		Iteration 2 with search 3 in range [3, 3] and 8 Int
			Unsatisfiable
		Solution found is 4

		Time elapsed: 00:00:49.14

	Instance 37
		Writing instance './QFT/qft.032.sub.37.als'
		Running Alloy
		Iteration 0 with search 5 in range [3, 7] and 8 Int
			Unsatisfiable
		Iteration 1 with search 7 in range [6, 7] and 8 Int
			Satisfiable
		Iteration 2 with search 6 in range [6, 6] and 8 Int
			Satisfiable
		Solution found is 6

		Time elapsed: 00:01:26.59

	Instance 38
		Writing instance './QFT/qft.032.sub.38.als'
		Running Alloy
		Iteration 0 with search 5 in range [3, 7] and 8 Int
			Satisfiable
		Iteration 1 with search 4 in range [3, 4] and 8 Int
			Unsatisfiable
		Solution found is 5

		Time elapsed: 00:00:24.33

	Instance 39
		Writing instance './QFT/qft.032.sub.39.als'
		Running Alloy
		Iteration 0 with search 5 in range [3, 7] and 8 Int
			Satisfiable
		Iteration 1 with search 4 in range [3, 4] and 8 Int
			Satisfiable
		Iteration 2 with search 3 in range [3, 3] and 8 Int
			Unsatisfiable
		Solution found is 4

		Time elapsed: 00:00:17.56

	Instance 40
		Writing instance './QFT/qft.032.sub.40.als'
		Running Alloy
		Iteration 0 with search 5 in range [3, 7] and 8 Int
			Satisfiable
		Iteration 1 with search 4 in range [3, 4] and 8 Int
			Satisfiable
		Iteration 2 with search 3 in range [3, 3] and 8 Int
			Unsatisfiable
		Solution found is 4

		Time elapsed: 00:00:31.93

	Instance 41
		Writing instance './QFT/qft.032.sub.41.als'
		Running Alloy
		Iteration 0 with search 5 in range [3, 7] and 8 Int
			Satisfiable
		Iteration 1 with search 4 in range [3, 4] and 8 Int
			Satisfiable
		Iteration 2 with search 3 in range [3, 3] and 8 Int
			Unsatisfiable
		Solution found is 4

		Time elapsed: 00:00:34.52

	Instance 42
		Writing instance './QFT/qft.032.sub.42.als'
		Running Alloy
		Iteration 0 with search 5 in range [3, 7] and 8 Int
			Satisfiable
		Iteration 1 with search 4 in range [3, 4] and 8 Int
			Satisfiable
		Iteration 2 with search 3 in range [3, 3] and 8 Int
			Unsatisfiable
		Solution found is 4

		Time elapsed: 00:01:04.76

	Instance 43
		Writing instance './QFT/qft.032.sub.43.als'
		Running Alloy
		Iteration 0 with search 5 in range [3, 7] and 8 Int
			Satisfiable
		Iteration 1 with search 4 in range [3, 4] and 8 Int
			Satisfiable
		Iteration 2 with search 3 in range [3, 3] and 8 Int
			Satisfiable
		Iteration 3 with search 1 in range [0, 2] and 8 Int
			Unsatisfiable
		Iteration 4 with search 2 in range [2, 2] and 8 Int
			Satisfiable
		Solution found is 2

		Time elapsed: 00:01:02.19

	Instance 44
		Writing instance './QFT/qft.032.sub.44.als'
		Running Alloy
		Iteration 0 with search 4 in range [1, 7] and 8 Int
			Satisfiable
		Iteration 1 with search 2 in range [1, 3] and 8 Int
			Unsatisfiable
		Iteration 2 with search 3 in range [3, 3] and 8 Int
			Unsatisfiable
		Solution found is 4

		Time elapsed: 00:00:10.33

	Instance 45
		Writing instance './QFT/qft.032.sub.45.als'
		Running Alloy
		Iteration 0 with search 4 in range [1, 7] and 8 Int
			Unsatisfiable
		Iteration 1 with search 6 in range [5, 7] and 8 Int
			Satisfiable
		Iteration 2 with search 5 in range [5, 5] and 8 Int
			Unsatisfiable
		Solution found is 6

		Time elapsed: 00:00:25.26

	Instance 46
		Writing instance './QFT/qft.032.sub.46.als'
		Running Alloy
		Iteration 0 with search 4 in range [1, 7] and 8 Int
			Satisfiable
		Iteration 1 with search 2 in range [1, 3] and 8 Int
			Satisfiable
		Iteration 2 with search 1 in range [1, 1] and 8 Int
			Satisfiable
		Iteration 3 with search 0 in range [0, 0] and 8 Int
			Satisfiable
		Solution found is 0

		Time elapsed: 00:00:04.88

	Cumulative solution is 217

	Time elapsed: 01:30:02.35
