Processing file './QFT/qft.016.tfc'

    The search algorithm is 'recent'
    The bounds are [0, None]
    The layer size is None
    The SAT solver is 'MiniSatJNI'
    RAM allocation is set to 13GB
    
	Ignored single-qubit gates reduced the layer count by 16 (13.33%)
	Layer merging reduced the layer count by 12 (10.00%)
	There was a total layer reduction of 28 (23.33%)
	The layer total is 108
	The number of qubits is 16
	The number of machines is 3
	The largest gate has arity 2
	The machine capacity is 6
	The qubit allocation policy is 'QubitAlloc.IN_ORDER'
	Splitting into 1 subproblems

	Instance 0
		Writing instance './QFT/qft.016.sub.0.als'
		Running Alloy
		Iteration 0 with search 120 in range [0, 240] and 9 Int
			Satisfiable
		Iteration 1 with search 60 in range [0, 119] and 8 Int
			Satisfiable
		Iteration 2 with search 30 in range [0, 59] and 8 Int
			Satisfiable
		Iteration 3 with search 15 in range [0, 29] and 8 Int
			Unsatisfiable
		Iteration 4 with search 23 in range [16, 29] and 8 Int
			Unsatisfiable
		Iteration 5 with search 27 in range [24, 29] and 8 Int
			Satisfiable
		Iteration 6 with search 25 in range [24, 26] and 8 Int
			Unsatisfiable
		Iteration 7 with search 26 in range [26, 26] and 8 Int
			Unsatisfiable
		Solution found is 27

		Time elapsed: 00:45:23.04

	Cumulative solution is 27

	Time elapsed: 00:45:23.39
