Processing file './QFT20/qft.20.8.tfc'

    The search algorithm is 'recent'
    The bounds are [0, None]
    The layer size is 10
    The SAT solver is 'MiniSatJNI'
    RAM allocation is set to 13GB
    
	Ignored single-qubit gates reduced the layer count by 20 (10.53%)
	Layer merging reduced the layer count by 16 (8.42%)
	There was a total layer reduction of 36 (18.95%)
	The layer total is 174
	The number of qubits is 20
	The number of machines is 7
	The largest gate has arity 2
	The machine capacity is 3
	The qubit allocation policy is 'QubitAlloc.IN_ORDER'
	Splitting into 18 subproblems

	Instance 0
		Writing instance './QFT20/qft.20.8.sub.0.als'
		Running Alloy
		Iteration 0 with search 10 in range [0, 20] and 8 Int
			Satisfiable
		Iteration 1 with search 5 in range [0, 9] and 8 Int
			Unsatisfiable
		Iteration 2 with search 8 in range [6, 9] and 8 Int
			Satisfiable
		Iteration 3 with search 7 in range [6, 7] and 8 Int
			Unsatisfiable
		Solution found is 8

		Time elapsed: 01:58:37.39

	Instance 1
		Writing instance './QFT20/qft.20.8.sub.1.als'
		Running Alloy
		Iteration 0 with search 8 in range [7, 9] and 8 Int
			Unsatisfiable
		Iteration 1 with search 9 in range [9, 9] and 8 Int
			Unsatisfiable
		Iteration 2 with search 16 in range [10, 22] and 8 Int
			Satisfiable
		Iteration 3 with search 13 in range [10, 15] and 8 Int
			Satisfiable
		Iteration 4 with search 11 in range [10, 12] and 8 Int
			Satisfiable
		Iteration 5 with search 10 in range [10, 10] and 8 Int
			Unsatisfiable
		Solution found is 11

		Time elapsed: 00:04:55.00

	Instance 2
		Writing instance './QFT20/qft.20.8.sub.2.als'
		Running Alloy
		Iteration 0 with search 10 in range [7, 12] and 8 Int
			Unsatisfiable
		Iteration 1 with search 12 in range [11, 12] and 8 Int
			Satisfiable
		Iteration 2 with search 11 in range [11, 11] and 8 Int
			Unsatisfiable
		Solution found is 12

		Time elapsed: 00:01:40.95

	Instance 3
		Writing instance './QFT20/qft.20.8.sub.3.als'
		Running Alloy
		Iteration 0 with search 10 in range [7, 13] and 8 Int
			Unsatisfiable
		Iteration 1 with search 12 in range [11, 13] and 8 Int
			Satisfiable
		Iteration 2 with search 11 in range [11, 11] and 8 Int
			Unsatisfiable
		Solution found is 12

		Time elapsed: 00:02:25.60

	Instance 4
		Writing instance './QFT20/qft.20.8.sub.4.als'
		Running Alloy
		Iteration 0 with search 10 in range [7, 13] and 8 Int
			Unsatisfiable
		Iteration 1 with search 12 in range [11, 13] and 8 Int
			Satisfiable
		Iteration 2 with search 11 in range [11, 11] and 8 Int
			Satisfiable
		Solution found is 11

		Time elapsed: 00:06:35.91

	Instance 5
		Writing instance './QFT20/qft.20.8.sub.5.als'
		Running Alloy
		Iteration 0 with search 10 in range [7, 13] and 8 Int
			Unsatisfiable
		Iteration 1 with search 12 in range [11, 13] and 8 Int
			Satisfiable
		Iteration 2 with search 11 in range [11, 11] and 8 Int
			Unsatisfiable
		Solution found is 12

		Time elapsed: 00:02:14.85

	Instance 6
		Writing instance './QFT20/qft.20.8.sub.6.als'
		Running Alloy
		Iteration 0 with search 10 in range [7, 13] and 8 Int
			Satisfiable
		Iteration 1 with search 8 in range [7, 9] and 8 Int
			Unsatisfiable
		Iteration 2 with search 9 in range [9, 9] and 8 Int
			Satisfiable
		Solution found is 9

		Time elapsed: 00:01:18.31

	Instance 7
		Writing instance './QFT20/qft.20.8.sub.7.als'
		Running Alloy
		Iteration 0 with search 10 in range [7, 13] and 8 Int
			Unsatisfiable
		Iteration 1 with search 12 in range [11, 13] and 8 Int
			Satisfiable
		Iteration 2 with search 11 in range [11, 11] and 8 Int
			Unsatisfiable
		Solution found is 12

		Time elapsed: 00:04:44.14

	Instance 8
		Writing instance './QFT20/qft.20.8.sub.8.als'
		Running Alloy
		Iteration 0 with search 10 in range [7, 13] and 8 Int
			Satisfiable
		Iteration 1 with search 8 in range [7, 9] and 8 Int
			Unsatisfiable
		Iteration 2 with search 9 in range [9, 9] and 8 Int
			Satisfiable
		Solution found is 9

		Time elapsed: 00:02:09.20

	Instance 9
		Writing instance './QFT20/qft.20.8.sub.9.als'
		Running Alloy
		Iteration 0 with search 10 in range [7, 13] and 8 Int
			Satisfiable
		Iteration 1 with search 8 in range [7, 9] and 8 Int
			Unsatisfiable
		Iteration 2 with search 9 in range [9, 9] and 8 Int
			Unsatisfiable
		Solution found is 10

		Time elapsed: 00:02:21.68

	Instance 10
		Writing instance './QFT20/qft.20.8.sub.10.als'
		Running Alloy
		Iteration 0 with search 10 in range [7, 13] and 8 Int
			Satisfiable
		Iteration 1 with search 8 in range [7, 9] and 8 Int
			Unsatisfiable
		Iteration 2 with search 9 in range [9, 9] and 8 Int
			Satisfiable
		Solution found is 9

		Time elapsed: 00:01:39.23

	Instance 11
		Writing instance './QFT20/qft.20.8.sub.11.als'
		Running Alloy
		Iteration 0 with search 11 in range [8, 13] and 8 Int
			Satisfiable
		Iteration 1 with search 9 in range [8, 10] and 8 Int
			Unsatisfiable
		Iteration 2 with search 10 in range [10, 10] and 8 Int
			Satisfiable
		Solution found is 10

		Time elapsed: 00:01:59.99

	Instance 12
		Writing instance './QFT20/qft.20.8.sub.12.als'
		Running Alloy
		Iteration 0 with search 11 in range [8, 13] and 8 Int
			Satisfiable
		Iteration 1 with search 9 in range [8, 10] and 8 Int
			Satisfiable
		Iteration 2 with search 8 in range [8, 8] and 8 Int
			Satisfiable
		Iteration 3 with search 4 in range [0, 7] and 8 Int
			Unsatisfiable
		Iteration 4 with search 6 in range [5, 7] and 8 Int
			Unsatisfiable
		Iteration 5 with search 7 in range [7, 7] and 8 Int
			Unsatisfiable
		Solution found is 8

		Time elapsed: 00:42:53.30

	Instance 13
		Writing instance './QFT20/qft.20.8.sub.13.als'
		Running Alloy
		Iteration 0 with search 10 in range [7, 13] and 8 Int
			Satisfiable
		Iteration 1 with search 8 in range [7, 9] and 8 Int
			Unsatisfiable
		Iteration 2 with search 9 in range [9, 9] and 8 Int
			Satisfiable
		Solution found is 9

		Time elapsed: 00:00:33.81

	Instance 14
		Writing instance './QFT20/qft.20.8.sub.14.als'
		Running Alloy
		Iteration 0 with search 10 in range [7, 13] and 8 Int
			Satisfiable
		Iteration 1 with search 8 in range [7, 9] and 8 Int
			Unsatisfiable
		Iteration 2 with search 9 in range [9, 9] and 8 Int
			Satisfiable
		Solution found is 9

		Time elapsed: 00:01:53.94

	Instance 15
		Writing instance './QFT20/qft.20.8.sub.15.als'
		Running Alloy
		Iteration 0 with search 10 in range [7, 13] and 8 Int
			Satisfiable
		Iteration 1 with search 8 in range [7, 9] and 8 Int
			Satisfiable
		Iteration 2 with search 7 in range [7, 7] and 8 Int
			Satisfiable
		Iteration 3 with search 3 in range [0, 6] and 8 Int
			Unsatisfiable
		Iteration 4 with search 5 in range [4, 6] and 8 Int
			Unsatisfiable
		Iteration 5 with search 6 in range [6, 6] and 8 Int
			Unsatisfiable
		Solution found is 7

		Time elapsed: 00:03:21.39

	Instance 16
		Writing instance './QFT20/qft.20.8.sub.16.als'
		Running Alloy
		Iteration 0 with search 10 in range [6, 13] and 8 Int
			Satisfiable
		Iteration 1 with search 8 in range [6, 9] and 8 Int
			Satisfiable
		Iteration 2 with search 7 in range [6, 7] and 8 Int
			Satisfiable
		Iteration 3 with search 6 in range [6, 6] and 8 Int
			Unsatisfiable
		Solution found is 7

		Time elapsed: 00:00:20.99

	Instance 17
		Writing instance './QFT20/qft.20.8.sub.17.als'
		Running Alloy
		Iteration 0 with search 10 in range [6, 13] and 8 Int
			Satisfiable
		Iteration 1 with search 8 in range [6, 9] and 8 Int
			Satisfiable
		Iteration 2 with search 7 in range [6, 7] and 8 Int
			Unsatisfiable
		Solution found is 8

		Time elapsed: 00:00:10.60

	Cumulative solution is 173

	Time elapsed: 03:19:56.42
