Processing file './QFT20/qft.20.2.tfc'

    The search algorithm is 'recent'
    The bounds are [0, None]
    The layer size is 10
    The SAT solver is 'MiniSatJNI'
    RAM allocation is set to 13GB
    
	Ignored single-qubit gates reduced the layer count by 20 (10.53%)
	Layer merging reduced the layer count by 16 (8.42%)
	There was a total layer reduction of 36 (18.95%)
	The layer total is 174
	The number of qubits is 20
	The number of machines is 2
	The largest gate has arity 2
	The machine capacity is 10
	The qubit allocation policy is 'QubitAlloc.IN_ORDER'
	Splitting into 18 subproblems

	Instance 0
		Writing instance './QFT20/qft.20.2.sub.0.als'
		Running Alloy
		Iteration 0 with search 10 in range [0, 20] and 8 Int
			Satisfiable
		Iteration 1 with search 5 in range [0, 9] and 8 Int
			Satisfiable
		Iteration 2 with search 2 in range [0, 4] and 8 Int
			Satisfiable
		Iteration 3 with search 1 in range [0, 1] and 8 Int
			Unsatisfiable
		Solution found is 2

		Time elapsed: 00:00:04.06

	Instance 1
		Writing instance './QFT20/qft.20.2.sub.1.als'
		Running Alloy
		Iteration 0 with search 2 in range [1, 3] and 8 Int
			Satisfiable
		Iteration 1 with search 1 in range [1, 1] and 8 Int
			Unsatisfiable
		Solution found is 2

		Time elapsed: 00:00:01.16

	Instance 2
		Writing instance './QFT20/qft.20.2.sub.2.als'
		Running Alloy
		Iteration 0 with search 2 in range [1, 3] and 8 Int
			Satisfiable
		Iteration 1 with search 1 in range [1, 1] and 8 Int
			Unsatisfiable
		Solution found is 2

		Time elapsed: 00:00:01.29

	Instance 3
		Writing instance './QFT20/qft.20.2.sub.3.als'
		Running Alloy
		Iteration 0 with search 2 in range [1, 3] and 8 Int
			Satisfiable
		Iteration 1 with search 1 in range [1, 1] and 8 Int
			Unsatisfiable
		Solution found is 2

		Time elapsed: 00:00:01.39

	Instance 4
		Writing instance './QFT20/qft.20.2.sub.4.als'
		Running Alloy
		Iteration 0 with search 2 in range [1, 3] and 8 Int
			Satisfiable
		Iteration 1 with search 1 in range [1, 1] and 8 Int
			Unsatisfiable
		Solution found is 2

		Time elapsed: 00:00:01.15

	Instance 5
		Writing instance './QFT20/qft.20.2.sub.5.als'
		Running Alloy
		Iteration 0 with search 2 in range [1, 3] and 8 Int
			Satisfiable
		Iteration 1 with search 1 in range [1, 1] and 8 Int
			Unsatisfiable
		Solution found is 2

		Time elapsed: 00:00:01.22

	Instance 6
		Writing instance './QFT20/qft.20.2.sub.6.als'
		Running Alloy
		Iteration 0 with search 2 in range [1, 3] and 8 Int
			Satisfiable
		Iteration 1 with search 1 in range [1, 1] and 8 Int
			Satisfiable
		Iteration 2 with search 0 in range [0, 0] and 8 Int
			Satisfiable
		Solution found is 0

		Time elapsed: 00:00:01.04

	Instance 7
		Writing instance './QFT20/qft.20.2.sub.7.als'
		Running Alloy
		Iteration 0 with search 2 in range [0, 3] and 8 Int
			Satisfiable
		Iteration 1 with search 1 in range [0, 1] and 8 Int
			Unsatisfiable
		Solution found is 2

		Time elapsed: 00:00:01.13

	Instance 8
		Writing instance './QFT20/qft.20.2.sub.8.als'
		Running Alloy
		Iteration 0 with search 2 in range [0, 3] and 8 Int
			Satisfiable
		Iteration 1 with search 1 in range [0, 1] and 8 Int
			Unsatisfiable
		Solution found is 2

		Time elapsed: 00:00:01.27

	Instance 9
		Writing instance './QFT20/qft.20.2.sub.9.als'
		Running Alloy
		Iteration 0 with search 2 in range [0, 3] and 8 Int
			Satisfiable
		Iteration 1 with search 1 in range [0, 1] and 8 Int
			Unsatisfiable
		Solution found is 2

		Time elapsed: 00:00:01.18

	Instance 10
		Writing instance './QFT20/qft.20.2.sub.10.als'
		Running Alloy
		Iteration 0 with search 2 in range [0, 3] and 8 Int
			Unsatisfiable
		Iteration 1 with search 3 in range [3, 3] and 8 Int
			Unsatisfiable
		Iteration 2 with search 13 in range [4, 22] and 8 Int
			Satisfiable
		Iteration 3 with search 8 in range [4, 12] and 8 Int
			Satisfiable
		Iteration 4 with search 6 in range [4, 7] and 8 Int
			Satisfiable
		Iteration 5 with search 5 in range [4, 5] and 8 Int
			Satisfiable
		Iteration 6 with search 4 in range [4, 4] and 8 Int
			Satisfiable
		Solution found is 4

		Time elapsed: 00:00:06.77

	Instance 11
		Writing instance './QFT20/qft.20.2.sub.11.als'
		Running Alloy
		Iteration 0 with search 3 in range [0, 5] and 8 Int
			Satisfiable
		Iteration 1 with search 1 in range [0, 2] and 8 Int
			Unsatisfiable
		Iteration 2 with search 2 in range [2, 2] and 8 Int
			Satisfiable
		Solution found is 2

		Time elapsed: 00:00:01.45

	Instance 12
		Writing instance './QFT20/qft.20.2.sub.12.als'
		Running Alloy
		Iteration 0 with search 3 in range [0, 5] and 8 Int
			Satisfiable
		Iteration 1 with search 1 in range [0, 2] and 8 Int
			Unsatisfiable
		Iteration 2 with search 2 in range [2, 2] and 8 Int
			Satisfiable
		Solution found is 2

		Time elapsed: 00:00:01.50

	Instance 13
		Writing instance './QFT20/qft.20.2.sub.13.als'
		Running Alloy
		Iteration 0 with search 3 in range [0, 5] and 8 Int
			Satisfiable
		Iteration 1 with search 1 in range [0, 2] and 8 Int
			Unsatisfiable
		Iteration 2 with search 2 in range [2, 2] and 8 Int
			Satisfiable
		Solution found is 2

		Time elapsed: 00:00:01.67

	Instance 14
		Writing instance './QFT20/qft.20.2.sub.14.als'
		Running Alloy
		Iteration 0 with search 3 in range [0, 5] and 8 Int
			Unsatisfiable
		Iteration 1 with search 5 in range [4, 5] and 8 Int
			Satisfiable
		Iteration 2 with search 4 in range [4, 4] and 8 Int
			Satisfiable
		Solution found is 4

		Time elapsed: 00:00:02.20

	Instance 15
		Writing instance './QFT20/qft.20.2.sub.15.als'
		Running Alloy
		Iteration 0 with search 3 in range [0, 5] and 8 Int
			Satisfiable
		Iteration 1 with search 1 in range [0, 2] and 8 Int
			Unsatisfiable
		Iteration 2 with search 2 in range [2, 2] and 8 Int
			Satisfiable
		Solution found is 2

		Time elapsed: 00:00:01.48

	Instance 16
		Writing instance './QFT20/qft.20.2.sub.16.als'
		Running Alloy
		Iteration 0 with search 3 in range [0, 5] and 8 Int
			Satisfiable
		Iteration 1 with search 1 in range [0, 2] and 8 Int
			Satisfiable
		Iteration 2 with search 0 in range [0, 0] and 8 Int
			Satisfiable
		Solution found is 0

		Time elapsed: 00:00:00.95

	Instance 17
		Writing instance './QFT20/qft.20.2.sub.17.als'
		Running Alloy
		Iteration 0 with search 3 in range [0, 5] and 8 Int
			Satisfiable
		Iteration 1 with search 1 in range [0, 2] and 8 Int
			Satisfiable
		Iteration 2 with search 0 in range [0, 0] and 8 Int
			Satisfiable
		Solution found is 0

		Time elapsed: 00:00:00.95

	Cumulative solution is 34

	Time elapsed: 00:00:31.98
