Processing file './QFT20/qft.20.4.tfc'

    The search algorithm is 'recent'
    The bounds are [0, None]
    The layer size is 10
    The SAT solver is 'MiniSatJNI'
    RAM allocation is set to 13GB
    
	Ignored single-qubit gates reduced the layer count by 20 (10.53%)
	Layer merging reduced the layer count by 16 (8.42%)
	There was a total layer reduction of 36 (18.95%)
	The layer total is 174
	The number of qubits is 20
	The number of machines is 4
	The largest gate has arity 2
	The machine capacity is 5
	The qubit allocation policy is 'QubitAlloc.IN_ORDER'
	Splitting into 18 subproblems

	Instance 0
		Writing instance './QFT20/qft.20.4.sub.0.als'
		Running Alloy
		Iteration 0 with search 10 in range [0, 20] and 8 Int
			Satisfiable
		Iteration 1 with search 5 in range [0, 9] and 8 Int
			Satisfiable
		Iteration 2 with search 2 in range [0, 4] and 8 Int
			Unsatisfiable
		Iteration 3 with search 4 in range [3, 4] and 8 Int
			Unsatisfiable
		Solution found is 5

		Time elapsed: 00:00:28.89

	Instance 1
		Writing instance './QFT20/qft.20.4.sub.1.als'
		Running Alloy
		Iteration 0 with search 5 in range [4, 6] and 8 Int
			Unsatisfiable
		Iteration 1 with search 6 in range [6, 6] and 8 Int
			Unsatisfiable
		Iteration 2 with search 15 in range [7, 22] and 8 Int
			Satisfiable
		Iteration 3 with search 11 in range [7, 14] and 8 Int
			Satisfiable
		Iteration 4 with search 9 in range [7, 10] and 8 Int
			Satisfiable
		Iteration 5 with search 8 in range [7, 8] and 8 Int
			Satisfiable
		Iteration 6 with search 7 in range [7, 7] and 8 Int
			Unsatisfiable
		Solution found is 8

		Time elapsed: 00:01:14.21

	Instance 2
		Writing instance './QFT20/qft.20.4.sub.2.als'
		Running Alloy
		Iteration 0 with search 7 in range [4, 9] and 8 Int
			Unsatisfiable
		Iteration 1 with search 9 in range [8, 9] and 8 Int
			Satisfiable
		Iteration 2 with search 8 in range [8, 8] and 8 Int
			Satisfiable
		Solution found is 8

		Time elapsed: 00:00:17.79

	Instance 3
		Writing instance './QFT20/qft.20.4.sub.3.als'
		Running Alloy
		Iteration 0 with search 7 in range [4, 9] and 8 Int
			Satisfiable
		Iteration 1 with search 5 in range [4, 6] and 8 Int
			Unsatisfiable
		Iteration 2 with search 6 in range [6, 6] and 8 Int
			Unsatisfiable
		Solution found is 7

		Time elapsed: 00:00:13.76

	Instance 4
		Writing instance './QFT20/qft.20.4.sub.4.als'
		Running Alloy
		Iteration 0 with search 7 in range [4, 9] and 8 Int
			Unsatisfiable
		Iteration 1 with search 9 in range [8, 9] and 8 Int
			Satisfiable
		Iteration 2 with search 8 in range [8, 8] and 8 Int
			Satisfiable
		Solution found is 8

		Time elapsed: 00:00:35.85

	Instance 5
		Writing instance './QFT20/qft.20.4.sub.5.als'
		Running Alloy
		Iteration 0 with search 7 in range [4, 9] and 8 Int
			Unsatisfiable
		Iteration 1 with search 9 in range [8, 9] and 8 Int
			Satisfiable
		Iteration 2 with search 8 in range [8, 8] and 8 Int
			Satisfiable
		Solution found is 8

		Time elapsed: 00:00:15.65

	Instance 6
		Writing instance './QFT20/qft.20.4.sub.6.als'
		Running Alloy
		Iteration 0 with search 7 in range [4, 9] and 8 Int
			Satisfiable
		Iteration 1 with search 5 in range [4, 6] and 8 Int
			Satisfiable
		Iteration 2 with search 4 in range [4, 4] and 8 Int
			Unsatisfiable
		Solution found is 5

		Time elapsed: 00:00:06.44

	Instance 7
		Writing instance './QFT20/qft.20.4.sub.7.als'
		Running Alloy
		Iteration 0 with search 7 in range [4, 9] and 8 Int
			Satisfiable
		Iteration 1 with search 5 in range [4, 6] and 8 Int
			Unsatisfiable
		Iteration 2 with search 6 in range [6, 6] and 8 Int
			Satisfiable
		Solution found is 6

		Time elapsed: 00:00:15.43

	Instance 8
		Writing instance './QFT20/qft.20.4.sub.8.als'
		Running Alloy
		Iteration 0 with search 7 in range [4, 9] and 8 Int
			Satisfiable
		Iteration 1 with search 5 in range [4, 6] and 8 Int
			Unsatisfiable
		Iteration 2 with search 6 in range [6, 6] and 8 Int
			Satisfiable
		Solution found is 6

		Time elapsed: 00:00:15.78

	Instance 9
		Writing instance './QFT20/qft.20.4.sub.9.als'
		Running Alloy
		Iteration 0 with search 7 in range [4, 9] and 8 Int
			Satisfiable
		Iteration 1 with search 5 in range [4, 6] and 8 Int
			Unsatisfiable
		Iteration 2 with search 6 in range [6, 6] and 8 Int
			Satisfiable
		Solution found is 6

		Time elapsed: 00:00:28.85

	Instance 10
		Writing instance './QFT20/qft.20.4.sub.10.als'
		Running Alloy
		Iteration 0 with search 7 in range [4, 9] and 8 Int
			Satisfiable
		Iteration 1 with search 5 in range [4, 6] and 8 Int
			Unsatisfiable
		Iteration 2 with search 6 in range [6, 6] and 8 Int
			Satisfiable
		Solution found is 6

		Time elapsed: 00:00:13.96

	Instance 11
		Writing instance './QFT20/qft.20.4.sub.11.als'
		Running Alloy
		Iteration 0 with search 7 in range [4, 9] and 8 Int
			Satisfiable
		Iteration 1 with search 5 in range [4, 6] and 8 Int
			Unsatisfiable
		Iteration 2 with search 6 in range [6, 6] and 8 Int
			Satisfiable
		Solution found is 6

		Time elapsed: 00:00:09.76

	Instance 12
		Writing instance './QFT20/qft.20.4.sub.12.als'
		Running Alloy
		Iteration 0 with search 7 in range [4, 9] and 8 Int
			Satisfiable
		Iteration 1 with search 5 in range [4, 6] and 8 Int
			Unsatisfiable
		Iteration 2 with search 6 in range [6, 6] and 8 Int
			Satisfiable
		Solution found is 6

		Time elapsed: 00:00:10.77

	Instance 13
		Writing instance './QFT20/qft.20.4.sub.13.als'
		Running Alloy
		Iteration 0 with search 7 in range [4, 9] and 8 Int
			Satisfiable
		Iteration 1 with search 5 in range [4, 6] and 8 Int
			Satisfiable
		Iteration 2 with search 4 in range [4, 4] and 8 Int
			Satisfiable
		Iteration 3 with search 2 in range [0, 3] and 8 Int
			Unsatisfiable
		Iteration 4 with search 3 in range [3, 3] and 8 Int
			Unsatisfiable
		Solution found is 4

		Time elapsed: 00:00:10.65

	Instance 14
		Writing instance './QFT20/qft.20.4.sub.14.als'
		Running Alloy
		Iteration 0 with search 6 in range [3, 9] and 8 Int
			Satisfiable
		Iteration 1 with search 4 in range [3, 5] and 8 Int
			Unsatisfiable
		Iteration 2 with search 5 in range [5, 5] and 8 Int
			Unsatisfiable
		Solution found is 6

		Time elapsed: 00:00:12.74

	Instance 15
		Writing instance './QFT20/qft.20.4.sub.15.als'
		Running Alloy
		Iteration 0 with search 6 in range [3, 9] and 8 Int
			Unsatisfiable
		Iteration 1 with search 8 in range [7, 9] and 8 Int
			Satisfiable
		Iteration 2 with search 7 in range [7, 7] and 8 Int
			Satisfiable
		Solution found is 7

		Time elapsed: 00:00:22.11

	Instance 16
		Writing instance './QFT20/qft.20.4.sub.16.als'
		Running Alloy
		Iteration 0 with search 6 in range [3, 8] and 8 Int
			Satisfiable
		Iteration 1 with search 4 in range [3, 5] and 8 Int
			Satisfiable
		Iteration 2 with search 3 in range [3, 3] and 8 Int
			Unsatisfiable
		Solution found is 4

		Time elapsed: 00:00:05.22

	Instance 17
		Writing instance './QFT20/qft.20.4.sub.17.als'
		Running Alloy
		Iteration 0 with search 6 in range [3, 8] and 8 Int
			Satisfiable
		Iteration 1 with search 4 in range [3, 5] and 8 Int
			Unsatisfiable
		Iteration 2 with search 5 in range [5, 5] and 8 Int
			Unsatisfiable
		Solution found is 6

		Time elapsed: 00:00:05.25

	Cumulative solution is 112

	Time elapsed: 00:05:43.21
